2021-11-18 07:13:28,775 [INFO] Activator:177 - 


2021-11-18 07:13:28,775 [INFO] Activator:178 - !SESSION log4j initialized
2021-11-18 07:13:30,337 [ERROR] LogOutputStream:74 - [STDERR_REDIRECT] SLF4J: Failed to load class "org.slf4j.impl.StaticLoggerBinder".
2021-11-18 07:13:30,337 [ERROR] LogOutputStream:74 - [STDERR_REDIRECT] SLF4J: Defaulting to no-operation (NOP) logger implementation
2021-11-18 07:13:30,337 [ERROR] LogOutputStream:74 - [STDERR_REDIRECT] SLF4J: See http://www.slf4j.org/codes.html#StaticLoggerBinder for further details.
2021-11-18 07:15:55,046 [INFO] Activator:177 - 


2021-11-18 07:15:55,046 [INFO] Activator:178 - !SESSION log4j initialized
2021-11-18 07:15:58,145 [ERROR] LogOutputStream:74 - [STDERR_REDIRECT] SLF4J: Failed to load class "org.slf4j.impl.StaticLoggerBinder".
2021-11-18 07:15:58,145 [ERROR] LogOutputStream:74 - [STDERR_REDIRECT] SLF4J: Defaulting to no-operation (NOP) logger implementation
2021-11-18 07:15:58,145 [ERROR] LogOutputStream:74 - [STDERR_REDIRECT] SLF4J: See http://www.slf4j.org/codes.html#StaticLoggerBinder for further details.
2021-11-18 07:16:12,126 [INFO] McuFinderGlobals:39 - Set McuFinder mode to 2 (CubeIDE integrated)
2021-11-18 07:16:12,495 [INFO] ApplicationProperties:181 - Using Application install path: C:\Appz\ST\STM32CubeIDE_1.2.0\STM32CubeIDE\plugins\com.st.stm32cube.common.mx_6.3.0.202107141111
2021-11-18 07:16:12,511 [INFO] DbMcusXml:74 - Set database path to: C:\Appz\ST\STM32CubeIDE_1.2.0\STM32CubeIDE\plugins\com.st.stm32cube.common.mx_6.3.0.202107141111\\db\/mcu/
2021-11-18 07:16:12,516 [INFO] DbBoardsPdsc:56 - Set plugin database path to: C:\Appz\ST\STM32CubeIDE_1.2.0\STM32CubeIDE\plugins\com.st.stm32cube.common.mx_6.3.0.202107141111\\db\/plugins/boardmanager/
2021-11-18 07:16:12,517 [INFO] DbMcus:258 - Set plugin images path to: C:\Appz\ST\STM32CubeIDE_1.2.0\STM32CubeIDE\plugins\com.st.stm32cube.common.mx_6.3.0.202107141111\\db\/plugins/mcufinder/images/
2021-11-18 07:16:12,517 [INFO] DbBoards:264 - Set plugin images path to: C:\Appz\ST\STM32CubeIDE_1.2.0\STM32CubeIDE\plugins\com.st.stm32cube.common.mx_6.3.0.202107141111\\db\/plugins/mcufinder/images/
2021-11-18 07:16:12,520 [INFO] DbExamples:333 - Set plugin images path to: C:\Appz\ST\STM32CubeIDE_1.2.0\STM32CubeIDE\plugins\com.st.stm32cube.common.mx_6.3.0.202107141111\\db\/plugins/mcufinder/images/
2021-11-18 07:16:12,531 [INFO] DbMcusAds:119 - Set database path to: C:\Users\student\.stmcufinder\plugins\mcufinder//mcu/
2021-11-18 07:16:12,532 [INFO] DbMcusDocs:110 - Set database path to: C:\Users\student\.stmcufinder\plugins\mcufinder//mcu/
2021-11-18 07:16:12,534 [INFO] DbMcusJson:64 - Set database path to: C:\Users\student\.stmcufinder\plugins\mcufinder//mcu/
2021-11-18 07:16:12,535 [INFO] DbBoardsDocs:110 - Set database path to: C:\Users\student\.stmcufinder\plugins\mcufinder//mcu/
2021-11-18 07:16:12,537 [INFO] DbBoardsJson:57 - Set database path to: C:\Users\student\.stmcufinder\plugins\mcufinder//mcu/
2021-11-18 07:16:12,543 [INFO] CrossReferenceDbSqlite:196 - Set database path to: C:\Users\student\.stmcufinder\plugins\mcufinder//mcu/cs/
2021-11-18 07:16:12,547 [INFO] DbExamplesSqlite:767 - Set database path to: C:\Users\student\.stmcufinder\plugins\mcufinder//mcu/
2021-11-18 07:16:12,676 [INFO] RulesReader:57 - Compatibility file has been processed (242 Rules)
2021-11-18 07:16:12,789 [INFO] DbMcusXml:74 - Set database path to: C:\Appz\ST\STM32CubeIDE_1.2.0\STM32CubeIDE\plugins\com.st.stm32cube.common.mx_6.3.0.202107141111\\db\/mcu/
2021-11-18 07:16:12,789 [INFO] DbBoardsPdsc:56 - Set plugin database path to: C:\Appz\ST\STM32CubeIDE_1.2.0\STM32CubeIDE\plugins\com.st.stm32cube.common.mx_6.3.0.202107141111\\db\/plugins/boardmanager/
2021-11-18 07:16:12,789 [INFO] DbMcus:258 - Set plugin images path to: C:\Appz\ST\STM32CubeIDE_1.2.0\STM32CubeIDE\plugins\com.st.stm32cube.common.mx_6.3.0.202107141111\\db\/plugins/mcufinder/images/
2021-11-18 07:16:12,789 [INFO] DbBoards:264 - Set plugin images path to: C:\Appz\ST\STM32CubeIDE_1.2.0\STM32CubeIDE\plugins\com.st.stm32cube.common.mx_6.3.0.202107141111\\db\/plugins/mcufinder/images/
2021-11-18 07:16:12,789 [INFO] DbExamples:333 - Set plugin images path to: C:\Appz\ST\STM32CubeIDE_1.2.0\STM32CubeIDE\plugins\com.st.stm32cube.common.mx_6.3.0.202107141111\\db\/plugins/mcufinder/images/
2021-11-18 07:16:12,789 [WARN] DbFile:35 - Overriding database path with different value: C:\Users\student\.stmcufinder\plugins\mcufinder/ => C:\Users\student\.stmcufinder\plugins\mcufinder
2021-11-18 07:16:12,789 [INFO] DbMcusAds:119 - Set database path to: C:\Users\student\.stmcufinder\plugins\mcufinder//mcu/
2021-11-18 07:16:12,789 [WARN] DbFile:35 - Overriding database path with different value: C:\Users\student\.stmcufinder\plugins\mcufinder/ => C:\Users\student\.stmcufinder\plugins\mcufinder
2021-11-18 07:16:12,789 [INFO] DbMcusDocs:110 - Set database path to: C:\Users\student\.stmcufinder\plugins\mcufinder//mcu/
2021-11-18 07:16:12,789 [WARN] DbFile:35 - Overriding database path with different value: C:\Users\student\.stmcufinder\plugins\mcufinder/ => C:\Users\student\.stmcufinder\plugins\mcufinder
2021-11-18 07:16:12,789 [INFO] DbMcusJson:64 - Set database path to: C:\Users\student\.stmcufinder\plugins\mcufinder//mcu/
2021-11-18 07:16:12,789 [WARN] DbFile:35 - Overriding database path with different value: C:\Users\student\.stmcufinder\plugins\mcufinder/ => C:\Users\student\.stmcufinder\plugins\mcufinder
2021-11-18 07:16:12,789 [INFO] DbBoardsDocs:110 - Set database path to: C:\Users\student\.stmcufinder\plugins\mcufinder//mcu/
2021-11-18 07:16:12,789 [WARN] DbFile:35 - Overriding database path with different value: C:\Users\student\.stmcufinder\plugins\mcufinder/ => C:\Users\student\.stmcufinder\plugins\mcufinder
2021-11-18 07:16:12,789 [INFO] DbBoardsJson:57 - Set database path to: C:\Users\student\.stmcufinder\plugins\mcufinder//mcu/
2021-11-18 07:16:12,789 [WARN] DbFile:35 - Overriding database path with different value: C:\Users\student\.stmcufinder\plugins\mcufinder/ => C:\Users\student\.stmcufinder\plugins\mcufinder
2021-11-18 07:16:12,789 [WARN] DbFile:35 - Overriding database path with different value: C:\Users\student\.stmcufinder\plugins\mcufinder/ => C:\Users\student\.stmcufinder\plugins\mcufinder
2021-11-18 07:16:12,789 [INFO] CrossReferenceDbSqlite:196 - Set database path to: C:\Users\student\.stmcufinder\plugins\mcufinder//mcu/cs/
2021-11-18 07:16:12,789 [WARN] DbFile:35 - Overriding database path with different value: C:\Users\student\.stmcufinder\plugins\mcufinder/ => C:\Users\student\.stmcufinder\plugins\mcufinder
2021-11-18 07:16:12,789 [INFO] DbExamplesSqlite:767 - Set database path to: C:\Users\student\.stmcufinder\plugins\mcufinder//mcu/
2021-11-18 07:16:12,883 [INFO] MainPanel:214 - HeapMemory: 268435456
2021-11-18 07:16:13,008 [INFO] DbMcusXml:74 - Set database path to: C:\Appz\ST\STM32CubeIDE_1.2.0\STM32CubeIDE\plugins\com.st.stm32cube.common.mx_6.3.0.202107141111\\db\/mcu/
2021-11-18 07:16:13,008 [INFO] DbBoardsPdsc:56 - Set plugin database path to: C:\Appz\ST\STM32CubeIDE_1.2.0\STM32CubeIDE\plugins\com.st.stm32cube.common.mx_6.3.0.202107141111\\db\/plugins/boardmanager/
2021-11-18 07:16:13,008 [INFO] DbMcus:258 - Set plugin images path to: C:\Appz\ST\STM32CubeIDE_1.2.0\STM32CubeIDE\plugins\com.st.stm32cube.common.mx_6.3.0.202107141111\\db\/plugins/mcufinder/images/
2021-11-18 07:16:13,008 [INFO] DbBoards:264 - Set plugin images path to: C:\Appz\ST\STM32CubeIDE_1.2.0\STM32CubeIDE\plugins\com.st.stm32cube.common.mx_6.3.0.202107141111\\db\/plugins/mcufinder/images/
2021-11-18 07:16:13,008 [INFO] DbExamples:333 - Set plugin images path to: C:\Appz\ST\STM32CubeIDE_1.2.0\STM32CubeIDE\plugins\com.st.stm32cube.common.mx_6.3.0.202107141111\\db\/plugins/mcufinder/images/
2021-11-18 07:16:13,008 [WARN] DbFile:35 - Overriding database path with different value: C:\Users\student\.stmcufinder\plugins\mcufinder/ => C:\Users\student\.stmcufinder\plugins\mcufinder
2021-11-18 07:16:13,008 [INFO] DbMcusAds:119 - Set database path to: C:\Users\student\.stmcufinder\plugins\mcufinder//mcu/
2021-11-18 07:16:13,008 [WARN] DbFile:35 - Overriding database path with different value: C:\Users\student\.stmcufinder\plugins\mcufinder/ => C:\Users\student\.stmcufinder\plugins\mcufinder
2021-11-18 07:16:13,008 [INFO] DbMcusDocs:110 - Set database path to: C:\Users\student\.stmcufinder\plugins\mcufinder//mcu/
2021-11-18 07:16:13,008 [WARN] DbFile:35 - Overriding database path with different value: C:\Users\student\.stmcufinder\plugins\mcufinder/ => C:\Users\student\.stmcufinder\plugins\mcufinder
2021-11-18 07:16:13,008 [INFO] DbMcusJson:64 - Set database path to: C:\Users\student\.stmcufinder\plugins\mcufinder//mcu/
2021-11-18 07:16:13,008 [WARN] DbFile:35 - Overriding database path with different value: C:\Users\student\.stmcufinder\plugins\mcufinder/ => C:\Users\student\.stmcufinder\plugins\mcufinder
2021-11-18 07:16:13,008 [INFO] DbBoardsDocs:110 - Set database path to: C:\Users\student\.stmcufinder\plugins\mcufinder//mcu/
2021-11-18 07:16:13,008 [WARN] DbFile:35 - Overriding database path with different value: C:\Users\student\.stmcufinder\plugins\mcufinder/ => C:\Users\student\.stmcufinder\plugins\mcufinder
2021-11-18 07:16:13,008 [INFO] DbBoardsJson:57 - Set database path to: C:\Users\student\.stmcufinder\plugins\mcufinder//mcu/
2021-11-18 07:16:13,008 [WARN] DbFile:35 - Overriding database path with different value: C:\Users\student\.stmcufinder\plugins\mcufinder/ => C:\Users\student\.stmcufinder\plugins\mcufinder
2021-11-18 07:16:13,008 [WARN] DbFile:35 - Overriding database path with different value: C:\Users\student\.stmcufinder\plugins\mcufinder/ => C:\Users\student\.stmcufinder\plugins\mcufinder
2021-11-18 07:16:13,008 [INFO] CrossReferenceDbSqlite:196 - Set database path to: C:\Users\student\.stmcufinder\plugins\mcufinder//mcu/cs/
2021-11-18 07:16:13,008 [WARN] DbFile:35 - Overriding database path with different value: C:\Users\student\.stmcufinder\plugins\mcufinder/ => C:\Users\student\.stmcufinder\plugins\mcufinder
2021-11-18 07:16:13,008 [INFO] DbExamplesSqlite:767 - Set database path to: C:\Users\student\.stmcufinder\plugins\mcufinder//mcu/
2021-11-18 07:16:13,024 [INFO] ApplicationProperties:181 - Using Application install path: C:\Appz\ST\STM32CubeIDE_1.2.0\STM32CubeIDE\plugins\com.st.stm32cube.common.mx_6.3.0.202107141111
2021-11-18 07:16:13,039 [INFO] PluginManage:188 - Search for loadable plugins [exclusion list=, ]
2021-11-18 07:16:13,039 [INFO] PluginManage:302 - Check plugin analytics
2021-11-18 07:16:13,258 [INFO] AnalyticsPlugin:257 - Accepted Software Licenses: 
2021-11-18 07:16:13,258 [INFO] AnalyticsPlugin:259 - Accepted CMSIS Pack Licenses: 
2021-11-18 07:16:13,258 [INFO] AnalyticsPlugin:261 - Accepted Firmware Licenses: 
2021-11-18 07:16:13,258 [INFO] PluginManage:352 - Loaded plugin analytics (category:tool,tabindex:-1)
2021-11-18 07:16:13,258 [INFO] PluginManage:302 - Check plugin clock
2021-11-18 07:16:13,289 [INFO] PluginManage:352 - Loaded plugin clock (category:base,tabindex:2)
2021-11-18 07:16:13,289 [INFO] PluginManage:302 - Check plugin ddr
2021-11-18 07:16:13,305 [INFO] PluginManage:352 - Loaded plugin ddr (category:tool,tabindex:6)
2021-11-18 07:16:13,305 [INFO] PluginManage:302 - Check plugin filemanager
2021-11-18 07:16:13,477 [INFO] PluginManage:352 - Loaded plugin filemanager (category:base,tabindex:10)
2021-11-18 07:16:13,492 [INFO] PluginManage:302 - Check plugin ipmanager
2021-11-18 07:16:13,492 [INFO] PluginManage:352 - Loaded plugin ipmanager (category:base,tabindex:5)
2021-11-18 07:16:13,492 [INFO] PluginManage:302 - Check plugin pinoutandconfiguration
2021-11-18 07:16:13,508 [INFO] PluginManage:352 - Loaded plugin pinoutandconfiguration (category:base,tabindex:1)
2021-11-18 07:16:13,508 [INFO] PluginManage:302 - Check plugin pinoutconfig
2021-11-18 07:16:13,555 [INFO] PluginManage:352 - Loaded plugin pinoutconfig (category:base,tabindex:0)
2021-11-18 07:16:13,555 [INFO] PluginManage:302 - Check plugin power
2021-11-18 07:16:13,570 [INFO] PluginManage:352 - Loaded plugin power (category:power,tabindex:4)
2021-11-18 07:16:13,570 [INFO] PluginManage:302 - Check plugin projectmanager
2021-11-18 07:16:13,586 [INFO] PluginManage:352 - Loaded plugin projectmanager (category:projectmanager,tabindex:3)
2021-11-18 07:16:13,586 [INFO] PluginManage:302 - Check plugin thirdparty
2021-11-18 07:16:13,820 [WARN] IntegrityCheckThread:78 - waiting for thirdparty lock release [integrity check]
2021-11-18 07:16:13,836 [INFO] PluginManage:352 - Loaded plugin thirdparty (category:base,tabindex:-1)
2021-11-18 07:16:13,836 [INFO] IntegrityCheckThread:80 - entering critical section [integrity check]
2021-11-18 07:16:13,836 [INFO] PluginManage:302 - Check plugin tools
2021-11-18 07:16:13,836 [INFO] ThirdPartyUpdaterWithRetryManager:66 - Updater plugin not ready yet. [1/15]
2021-11-18 07:16:13,836 [INFO] PluginManage:352 - Loaded plugin tools (category:base,tabindex:7)
2021-11-18 07:16:13,836 [INFO] PluginManage:302 - Check plugin tutovideos
2021-11-18 07:16:14,117 [INFO] PluginManage:352 - Loaded plugin tutovideos (category:base,tabindex:-1)
2021-11-18 07:16:14,117 [INFO] PluginManage:302 - Check plugin updater
2021-11-18 07:16:14,149 [INFO] PluginManage:352 - Loaded plugin updater (category:base,tabindex:12)
2021-11-18 07:16:14,149 [INFO] PluginManage:275 - PluginManage : Loaded plugins [13]
2021-11-18 07:16:14,383 [INFO] PinOutPanel:1463 - setPackage(No Configuration,No Configuration)
2021-11-18 07:16:14,508 [INFO] IPUIPlugin:74 - create IPUIPlugin
2021-11-18 07:16:14,508 [INFO] PluginManager:213 - loadIPPluginJar : add adc
2021-11-18 07:16:14,508 [INFO] IPUIPlugin:74 - create IPUIPlugin
2021-11-18 07:16:14,508 [INFO] PluginManager:213 - loadIPPluginJar : add aes
2021-11-18 07:16:14,524 [INFO] IPUIPlugin:74 - create IPUIPlugin
2021-11-18 07:16:14,524 [INFO] PluginManager:213 - loadIPPluginJar : add can
2021-11-18 07:16:14,524 [INFO] IPUIPlugin:74 - create IPUIPlugin
2021-11-18 07:16:14,524 [INFO] PluginManager:213 - loadIPPluginJar : add comp
2021-11-18 07:16:14,524 [INFO] IPUIPlugin:74 - create IPUIPlugin
2021-11-18 07:16:14,524 [INFO] PluginManager:213 - loadIPPluginJar : add cryp
2021-11-18 07:16:14,524 [INFO] IPUIPlugin:74 - create IPUIPlugin
2021-11-18 07:16:14,524 [INFO] PluginManager:213 - loadIPPluginJar : add dfsdm
2021-11-18 07:16:14,539 [INFO] IPUIPlugin:74 - create IPUIPlugin
2021-11-18 07:16:14,539 [INFO] PluginManager:213 - loadIPPluginJar : add dma
2021-11-18 07:16:14,539 [INFO] IPUIPlugin:74 - create IPUIPlugin
2021-11-18 07:16:14,539 [INFO] PluginManager:213 - loadIPPluginJar : add dma3
2021-11-18 07:16:14,555 [INFO] IPUIPlugin:74 - create IPUIPlugin
2021-11-18 07:16:14,555 [INFO] PluginManager:213 - loadIPPluginJar : add fatfs
2021-11-18 07:16:14,555 [INFO] IPUIPlugin:74 - create IPUIPlugin
2021-11-18 07:16:14,555 [INFO] PluginManager:213 - loadIPPluginJar : add fmc
2021-11-18 07:16:14,570 [INFO] IPUIPlugin:74 - create IPUIPlugin
2021-11-18 07:16:14,570 [INFO] PluginManager:213 - loadIPPluginJar : add freertos
2021-11-18 07:16:14,570 [INFO] IPUIPlugin:74 - create IPUIPlugin
2021-11-18 07:16:14,570 [INFO] PluginManager:213 - loadIPPluginJar : add genericplugin
2021-11-18 07:16:14,570 [INFO] IPUIPlugin:74 - create IPUIPlugin
2021-11-18 07:16:14,570 [INFO] PluginManager:213 - loadIPPluginJar : add gfxmmu
2021-11-18 07:16:14,586 [INFO] IPUIPlugin:74 - create IPUIPlugin
2021-11-18 07:16:14,586 [INFO] PluginManager:213 - loadIPPluginJar : add gic
2021-11-18 07:16:14,586 [INFO] IPUIPlugin:74 - create IPUIPlugin
2021-11-18 07:16:14,586 [INFO] PluginManager:213 - loadIPPluginJar : add gpio
2021-11-18 07:16:14,586 [INFO] IPUIPlugin:74 - create IPUIPlugin
2021-11-18 07:16:14,586 [INFO] PluginManager:213 - loadIPPluginJar : add gtzc
2021-11-18 07:16:14,602 [INFO] IPUIPlugin:74 - create IPUIPlugin
2021-11-18 07:16:14,602 [INFO] PluginManager:213 - loadIPPluginJar : add hash
2021-11-18 07:16:14,602 [INFO] IPUIPlugin:74 - create IPUIPlugin
2021-11-18 07:16:14,602 [INFO] PluginManager:213 - loadIPPluginJar : add i2c
2021-11-18 07:16:14,602 [INFO] IPUIPlugin:74 - create IPUIPlugin
2021-11-18 07:16:14,602 [INFO] PluginManager:213 - loadIPPluginJar : add i2s
2021-11-18 07:16:14,617 [INFO] IPUIPlugin:74 - create IPUIPlugin
2021-11-18 07:16:14,617 [INFO] PluginManager:213 - loadIPPluginJar : add ipddr
2021-11-18 07:16:14,617 [INFO] IPUIPlugin:74 - create IPUIPlugin
2021-11-18 07:16:14,617 [INFO] PluginManager:213 - loadIPPluginJar : add linkedlist
2021-11-18 07:16:14,617 [INFO] IPUIPlugin:74 - create IPUIPlugin
2021-11-18 07:16:14,617 [INFO] PluginManager:213 - loadIPPluginJar : add lorawan
2021-11-18 07:16:14,633 [INFO] IPUIPlugin:74 - create IPUIPlugin
2021-11-18 07:16:14,633 [INFO] PluginManager:213 - loadIPPluginJar : add ltdc
2021-11-18 07:16:14,633 [INFO] IPUIPlugin:74 - create IPUIPlugin
2021-11-18 07:16:14,633 [INFO] PluginManager:213 - loadIPPluginJar : add mdma
2021-11-18 07:16:14,649 [INFO] IPUIPlugin:74 - create IPUIPlugin
2021-11-18 07:16:14,649 [INFO] PluginManager:213 - loadIPPluginJar : add nvic
2021-11-18 07:16:14,664 [INFO] IPUIPlugin:74 - create IPUIPlugin
2021-11-18 07:16:14,664 [INFO] PluginManager:213 - loadIPPluginJar : add opamp
2021-11-18 07:16:14,664 [INFO] IPUIPlugin:74 - create IPUIPlugin
2021-11-18 07:16:14,664 [INFO] PluginManager:213 - loadIPPluginJar : add openamp
2021-11-18 07:16:14,680 [INFO] IPUIPlugin:74 - create IPUIPlugin
2021-11-18 07:16:14,680 [INFO] PluginManager:213 - loadIPPluginJar : add pdm2pcm
2021-11-18 07:16:14,680 [INFO] IPUIPlugin:74 - create IPUIPlugin
2021-11-18 07:16:14,680 [INFO] PluginManager:213 - loadIPPluginJar : add plateformsettings
2021-11-18 07:16:14,695 [INFO] IPUIPlugin:74 - create IPUIPlugin
2021-11-18 07:16:14,695 [INFO] PluginManager:213 - loadIPPluginJar : add quadspi
2021-11-18 07:16:14,695 [INFO] IPUIPlugin:74 - create IPUIPlugin
2021-11-18 07:16:14,695 [INFO] PluginManager:213 - loadIPPluginJar : add resmgrutility
2021-11-18 07:16:14,695 [INFO] IPUIPlugin:74 - create IPUIPlugin
2021-11-18 07:16:14,695 [INFO] PluginManager:213 - loadIPPluginJar : add sai
2021-11-18 07:16:14,711 [INFO] IPUIPlugin:74 - create IPUIPlugin
2021-11-18 07:16:14,711 [INFO] PluginManager:213 - loadIPPluginJar : add spi
2021-11-18 07:16:14,711 [INFO] IPUIPlugin:74 - create IPUIPlugin
2021-11-18 07:16:14,711 [INFO] PluginManager:213 - loadIPPluginJar : add stm32_wpan
2021-11-18 07:16:14,711 [INFO] IPUIPlugin:74 - create IPUIPlugin
2021-11-18 07:16:14,711 [INFO] PluginManager:213 - loadIPPluginJar : add tim
2021-11-18 07:16:14,727 [INFO] IPUIPlugin:74 - create IPUIPlugin
2021-11-18 07:16:14,727 [INFO] PluginManager:213 - loadIPPluginJar : add touchsensing
2021-11-18 07:16:14,727 [INFO] IPUIPlugin:74 - create IPUIPlugin
2021-11-18 07:16:14,727 [INFO] PluginManager:213 - loadIPPluginJar : add tracer_emb
2021-11-18 07:16:14,727 [INFO] IPUIPlugin:74 - create IPUIPlugin
2021-11-18 07:16:14,727 [INFO] PluginManager:213 - loadIPPluginJar : add ts
2021-11-18 07:16:14,727 [INFO] IPUIPlugin:74 - create IPUIPlugin
2021-11-18 07:16:14,727 [INFO] PluginManager:213 - loadIPPluginJar : add tsc
2021-11-18 07:16:14,742 [INFO] IPUIPlugin:74 - create IPUIPlugin
2021-11-18 07:16:14,742 [INFO] PluginManager:213 - loadIPPluginJar : add ucpd
2021-11-18 07:16:14,742 [INFO] IPUIPlugin:74 - create IPUIPlugin
2021-11-18 07:16:14,742 [INFO] PluginManager:213 - loadIPPluginJar : add usart
2021-11-18 07:16:14,758 [INFO] IPUIPlugin:74 - create IPUIPlugin
2021-11-18 07:16:14,758 [INFO] PluginManager:213 - loadIPPluginJar : add usbx
2021-11-18 07:16:15,104 [FATAL] Updater:294 - Updater called before beeing initialized
2021-11-18 07:16:15,261 [FATAL] Updater:294 - Updater called before beeing initialized
2021-11-18 07:16:15,261 [INFO] DbMcusAds:47 - JSON generation date=Thu Sep 30 08:55:09 CEST 2021 (1632984909261)
2021-11-18 07:16:15,261 [FATAL] Updater:294 - Updater called before beeing initialized
2021-11-18 07:16:15,323 [WARN] DetailPanel:314 - Failed to get advertising image, set to default
2021-11-18 07:16:15,495 [FATAL] Updater:294 - Updater called before beeing initialized
2021-11-18 07:16:15,495 [FATAL] Updater:294 - Updater called before beeing initialized
2021-11-18 07:16:15,495 [FATAL] Updater:294 - Updater called before beeing initialized
2021-11-18 07:16:15,495 [WARN] DetailPanel:314 - Failed to get advertising image, set to default
2021-11-18 07:16:15,495 [FATAL] Updater:294 - Updater called before beeing initialized
2021-11-18 07:16:15,573 [ERROR] Updater:1075 - MainUpdater not yet initialized. External WinMGr cannot be set.
2021-11-18 07:16:15,589 [INFO] Updater:1012 - Updater Version found : 6.3.0
2021-11-18 07:16:15,604 [INFO] ApplicationProperties:181 - Using Application install path: C:\Appz\ST\STM32CubeIDE_1.2.0\STM32CubeIDE\plugins\com.st.stm32cube.common.mx_6.3.0.202107141111
2021-11-18 07:16:15,839 [INFO] MainUpdater:2671 - connection check result : 10
2021-11-18 07:16:15,839 [INFO] MainUpdater:3359 - Updater definition file requires update
2021-11-18 07:16:15,839 [INFO] MainUpdater:265 - Updater Check For Update Now.
2021-11-18 07:16:15,839 [INFO] MicroXplorer:478 - Change Database Version : DB.6.0.30
2021-11-18 07:16:15,901 [INFO] ServerAccessManage:362 - Download File updaters.zip
2021-11-18 07:16:15,964 [INFO] FileExtend:235 - Unzip File : updaters.zip
2021-11-18 07:16:15,964 [INFO] FileExtend:250 - Standard Zip Deflate
2021-11-18 07:16:16,573 [INFO] ServerAccessManage:362 - Download File PacksControlFlags.xml
2021-11-18 07:16:16,667 [INFO] ServerAccessManage:362 - Download File cubemx.pidx
2021-11-18 07:16:16,761 [INFO] LoadServerUpdatesThread:339 - End of LoadServerUpdate Thread
2021-11-18 07:16:16,839 [WARN] MainUpdater:1122 - Updater busy. Cannot search thirdparties
2021-11-18 07:16:16,839 [INFO] ThirdPartyUpdaterWithRetryManager:92 - Updater plugin is busy. [1/15]
2021-11-18 07:16:16,917 [INFO] CheckServerUpdateThread:112 - End of CheckServer Thread
2021-11-18 07:16:16,948 [INFO] MainUpdater:2671 - connection check result : 10
2021-11-18 07:16:16,948 [INFO] McuFinderGlobals:52 - Set McuFinderConnectedMode to true
2021-11-18 07:16:17,026 [INFO] ServerAccessManage:362 - Download File mcusAds.json._tmp_
2021-11-18 07:16:17,151 [INFO] LoadUrlFilesThread:145 - End of LoadUrlFiles Thread
2021-11-18 07:16:17,245 [INFO] ServerAccessManage:362 - Download File mcusDocs.json._tmp_
2021-11-18 07:16:17,417 [INFO] LoadUrlFilesThread:145 - End of LoadUrlFiles Thread
2021-11-18 07:16:17,495 [INFO] ServerAccessManage:362 - Download File mcusFeaturesAndDescription.json._tmp_
2021-11-18 07:16:18,261 [INFO] LoadUrlFilesThread:145 - End of LoadUrlFiles Thread
2021-11-18 07:16:18,308 [INFO] ServerAccessManage:362 - Download File boardsDocs.json._tmp_
2021-11-18 07:16:18,433 [INFO] LoadUrlFilesThread:145 - End of LoadUrlFiles Thread
2021-11-18 07:16:18,479 [INFO] ServerAccessManage:362 - Download File boards.json._tmp_
2021-11-18 07:16:18,636 [INFO] LoadUrlFilesThread:145 - End of LoadUrlFiles Thread
2021-11-18 07:16:23,370 [WARN] MainUpdater:1122 - Updater busy. Cannot search thirdparties
2021-11-18 07:16:23,370 [INFO] ThirdPartyUpdaterWithRetryManager:92 - Updater plugin is busy. [2/15]
2021-11-18 07:16:23,433 [INFO] ServerAccessManage:362 - Download File cube-finder-db.zip
2021-11-18 07:16:25,370 [INFO] FileExtend:235 - Unzip File : cube-finder-db.zip
2021-11-18 07:16:25,370 [INFO] FileExtend:250 - Standard Zip Deflate
2021-11-18 07:16:26,011 [INFO] LoadUrlFilesThread:145 - End of LoadUrlFiles Thread
2021-11-18 07:16:26,120 [INFO] ServerAccessManage:362 - Download File crdb.zip
2021-11-18 07:16:26,214 [INFO] FileExtend:235 - Unzip File : crdb.zip
2021-11-18 07:16:26,214 [INFO] FileExtend:250 - Standard Zip Deflate
2021-11-18 07:16:26,339 [INFO] LoadUrlFilesThread:145 - End of LoadUrlFiles Thread
2021-11-18 07:16:26,370 [WARN] MainUpdater:1122 - Updater busy. Cannot search thirdparties
2021-11-18 07:16:26,370 [INFO] ThirdPartyUpdaterWithRetryManager:92 - Updater plugin is busy. [3/15]
2021-11-18 07:16:26,401 [INFO] ServerAccessManage:362 - Download File tutoVideoDB.zip
2021-11-18 07:16:26,417 [INFO] FileExtend:235 - Unzip File : tutoVideoDB.zip
2021-11-18 07:16:26,417 [INFO] FileExtend:250 - Standard Zip Deflate
2021-11-18 07:16:26,542 [INFO] LoadUrlFilesThread:145 - End of LoadUrlFiles Thread
2021-11-18 07:16:26,542 [INFO] DbMcusAds:47 - JSON generation date=Thu Sep 30 08:55:09 CEST 2021 (1632984909261)
2021-11-18 07:16:26,558 [INFO] DbMcusDocs:143 - JSON generation date=Fri Oct 29 09:56:29 CEST 2021 (1635494189)
2021-11-18 07:16:26,558 [INFO] DbMcusXml:100 - Load MCU database from C:\Appz\ST\STM32CubeIDE_1.2.0\STM32CubeIDE\plugins\com.st.stm32cube.common.mx_6.3.0.202107141111\\db\/mcu/families.xml
2021-11-18 07:16:27,511 [INFO] DbMcusJson:93 - JSON generation date=Fri Oct 29 09:56:29 CEST 2021 (1635494189)
2021-11-18 07:16:28,542 [INFO] DbMcus:175 - Found 1951 MCUs (1903 are supported by CubeMX, 1905 are visible in CubeMX)
2021-11-18 07:16:28,542 [INFO] ApiDb:251 - Load user favorites file C:\Users\student/.stm32cubeide/favorites.mcus.txt: 0 item(s)
2021-11-18 07:16:28,542 [INFO] ApiDb:255 - User favorites MCUs=[]
2021-11-18 07:16:28,542 [INFO] DbMcus:187 - Set 0 / 0 favorites MCUs
2021-11-18 07:16:29,276 [INFO] DbMcusDocs:79 - Found 682 MCUs documents
2021-11-18 07:16:29,276 [INFO] ApiDb:276 - Save user favorites file C:\Users\student/.stm32cubeide/favorites.mcus.txt: 0 item(s)
2021-11-18 07:16:29,276 [INFO] ApiDb:280 - User favorites MCUs=[]
2021-11-18 07:16:29,292 [INFO] DbMcusXml:100 - Load MCU database from C:\Appz\ST\STM32CubeIDE_1.2.0\STM32CubeIDE\plugins\com.st.stm32cube.common.mx_6.3.0.202107141111\\db\/mcu/families.xml
2021-11-18 07:16:29,589 [WARN] PackLoader:238 - Cannot read IP mode file for STMicroelectronics.X-CUBE-AZRTOS-H7.1.1.0
2021-11-18 07:16:29,620 [WARN] PackLoader:238 - Cannot read IP mode file for STMicroelectronics.X-CUBE-BLE1.6.2.1
2021-11-18 07:16:29,620 [WARN] PackLoader:238 - Cannot read IP mode file for STMicroelectronics.X-CUBE-BLE1.6.2.2
2021-11-18 07:16:29,636 [WARN] PackLoader:238 - Cannot read IP mode file for STMicroelectronics.X-CUBE-BLE2.3.2.1
2021-11-18 07:16:29,636 [WARN] PackLoader:238 - Cannot read IP mode file for STMicroelectronics.X-CUBE-BLE2.3.2.2
2021-11-18 07:16:29,651 [WARN] PackLoader:238 - Cannot read IP mode file for STMicroelectronics.X-CUBE-NFC4.2.0.3
2021-11-18 07:16:29,667 [WARN] PackLoader:238 - Cannot read IP mode file for wolfSSL.I-CUBE-wolfSSL.4.8.0
2021-11-18 07:16:29,683 [WARN] PackLoader:238 - Cannot read IP mode file for STMicroelectronics.X-CUBE-SFXS2LP1.3.1.0
2021-11-18 07:16:29,729 [WARN] PackLoader:238 - Cannot read IP mode file for STMicroelectronics.X-CUBE-AZRTOS-F4.1.0.0
2021-11-18 07:16:29,854 [WARN] PackLoader:238 - Cannot read IP mode file for STMicroelectronics.X-CUBE-TOF1.2.0.0
2021-11-18 07:16:29,979 [WARN] PackLoader:238 - Cannot read IP mode file for STMicroelectronics.X-CUBE-SUBG2.4.2.0
2021-11-18 07:16:30,042 [WARN] PackLoader:238 - Cannot read IP mode file for STMicroelectronics.X-CUBE-ALGOBUILD.1.2.1
2021-11-18 07:16:30,058 [WARN] PackLoader:238 - Cannot read IP mode file for STMicroelectronics.X-CUBE-DISPLAY.1.0.0
2021-11-18 07:16:30,073 [WARN] PackLoader:238 - Cannot read IP mode file for STMicroelectronics.X-CUBE-TOUCHGFX.4.18.0
2021-11-18 07:16:30,151 [WARN] PackLoader:238 - Cannot read IP mode file for RoweBots.I-CUBE-UNISONRTOS.5.5.0-4
2021-11-18 07:16:30,308 [WARN] PackLoader:238 - Cannot read IP mode file for STMicroelectronics.X-CUBE-MEMS1.9.0.0
2021-11-18 07:16:30,323 [INFO] DbMcusJson:93 - JSON generation date=Fri Oct 29 09:56:29 CEST 2021 (1635494189)
2021-11-18 07:16:30,542 [WARN] PackLoader:238 - Cannot read IP mode file for SEGGER.I-CUBE-embOS.1.2.0
2021-11-18 07:16:30,604 [WARN] PackLoader:238 - Cannot read IP mode file for STMicroelectronics.X-CUBE-TOUCHGFX.4.17.0
2021-11-18 07:16:30,636 [WARN] PackLoader:238 - Cannot read IP mode file for STMicroelectronics.X-CUBE-AZRTOS-H7.2.0.0
2021-11-18 07:16:30,667 [WARN] PackLoader:238 - Cannot read IP mode file for STMicroelectronics.X-CUBE-AZRTOS-L4.1.0.0
2021-11-18 07:16:30,729 [WARN] PackLoader:238 - Cannot read IP mode file for STMicroelectronics.X-CUBE-MEMS1.9.1.0
2021-11-18 07:16:30,933 [WARN] PackLoader:238 - Cannot read IP mode file for STMicroelectronics.X-CUBE-ALS.1.0.1
2021-11-18 07:16:30,979 [WARN] PackLoader:238 - Cannot read IP mode file for STMicroelectronics.X-CUBE-AI.7.0.0
2021-11-18 07:16:31,011 [WARN] PackLoader:238 - Cannot read IP mode file for STMicroelectronics.X-CUBE-EEPRMA1.3.1.0
2021-11-18 07:16:31,026 [WARN] PackLoader:238 - Cannot read IP mode file for STMicroelectronics.X-CUBE-GNSS1.5.2.0
2021-11-18 07:16:31,073 [WARN] PackLoader:238 - Cannot read IP mode file for STMicroelectronics.X-CUBE-DISPLAY.2.0.0
2021-11-18 07:16:31,104 [INFO] ThirdParty:915 - Integrity check success = true
2021-11-18 07:16:31,104 [INFO] IntegrityCheckThread:94 - exiting critical section [integrity check]
2021-11-18 07:16:31,104 [INFO] IntegrityCheckThread:97 - End integrity checks thread
2021-11-18 07:16:31,151 [INFO] DbMcus:175 - Found 1951 MCUs (1903 are supported by CubeMX, 1905 are visible in CubeMX)
2021-11-18 07:16:31,151 [INFO] ApiDb:251 - Load user favorites file C:\Users\student/.stm32cubeide/favorites.mcus.txt: 0 item(s)
2021-11-18 07:16:31,151 [INFO] ApiDb:255 - User favorites MCUs=[]
2021-11-18 07:16:31,151 [INFO] DbMcus:187 - Set 0 / 0 favorites MCUs
2021-11-18 07:16:31,151 [INFO] DbBoardsDocs:143 - JSON generation date=Fri Oct 29 09:56:29 CEST 2021 (1635494189)
2021-11-18 07:16:31,167 [INFO] DbBoardsPdsc:90 - Found 25 items
2021-11-18 07:16:31,183 [INFO] DbBoardsPdsc:90 - Found 9 items
2021-11-18 07:16:31,198 [INFO] DbBoardsPdsc:90 - Found 33 items
2021-11-18 07:16:31,198 [INFO] DbBoardsPdsc:90 - Found 1 items
2021-11-18 07:16:31,214 [INFO] DbBoardsPdsc:90 - Found 48 items
2021-11-18 07:16:31,214 [INFO] DbBoardsPdsc:90 - Found 43 items
2021-11-18 07:16:31,245 [INFO] DbBoardsPdsc:90 - Found 2 items
2021-11-18 07:16:31,245 [INFO] DbBoardsPdsc:90 - Found 5 items
2021-11-18 07:16:31,261 [WARN] DbBoardsPdsc:254 - Board STM32H7B3I-DK: unknown feature type=Audio, name=, username=Audio stereo codec with Headphone Amp (CS42L51-CNZ), n=1
2021-11-18 07:16:31,261 [WARN] DbBoardsPdsc:254 - Board STM32H735G-DK: unknown feature type=Audio, name=, username=Audio stereo codec with Headphone Amp (WM8994ECS/R), n=1
2021-11-18 07:16:31,261 [WARN] DbBoardsPdsc:254 - Board STM32H7B3I-EVAL: unknown feature type=Audio, name=, username=Multi-Channel Audio Codec (CS42L51-CNZ), n=1
2021-11-18 07:16:31,261 [WARN] DbBoardsPdsc:254 - Board STM32H7B3I-EVAL: unknown feature type=Meter, name=, username=Power-metering and Temperature-monitoring with sigma-delta modulators, n=1
2021-11-18 07:16:31,261 [WARN] DbBoardsPdsc:254 - Board STM32H7B3I-EVAL: unknown feature type=Motor, name=, username=Motor Control, n=1
2021-11-18 07:16:31,261 [WARN] DbBoardsPdsc:254 - Board STM32U575I-EV: unknown feature type=joystick, name=, username=4-direction joystick with selection button, n=1
2021-11-18 07:16:31,276 [INFO] DbBoardsJson:86 - JSON generation date=Fri Oct 29 09:56:29 CEST 2021 (1635494189)
2021-11-18 07:16:31,292 [INFO] DbBoards:117 - Found 167 boards (163 are supported by CubeMX)
2021-11-18 07:16:31,292 [INFO] DbBoardsDocs:143 - JSON generation date=Fri Oct 29 09:56:29 CEST 2021 (1635494189)
2021-11-18 07:16:31,308 [INFO] DbBoardsDocs:79 - Found 209 boards documents
2021-11-18 07:16:31,308 [WARN] DbBoards:127 - board B-L475E-IOT01A2 has no document id list !
2021-11-18 07:16:31,308 [WARN] DbBoards:127 - board NUCLEO-H743ZI has no document id list !
2021-11-18 07:16:31,308 [WARN] DbBoards:127 - board NUCLEO-WL55JC2 has no document id list !
2021-11-18 07:16:31,308 [WARN] DbBoards:127 - board P-NUCLEO-WB55-Nucleo has no document id list !
2021-11-18 07:16:31,308 [WARN] DbBoards:127 - board P-NUCLEO-WB55-USBDongle has no document id list !
2021-11-18 07:16:31,308 [WARN] DbBoards:127 - board STEVAL-BFA001V1B has no document id list !
2021-11-18 07:16:31,308 [WARN] DbBoards:127 - board STEVAL-BFA001V2B has no document id list !
2021-11-18 07:16:31,308 [WARN] DbBoards:127 - board STEVAL-IDP005V1 has no document id list !
2021-11-18 07:16:31,308 [WARN] DbBoards:127 - board STEVAL-IDP005V2 has no document id list !
2021-11-18 07:16:31,308 [WARN] DbBoards:127 - board STEVAL-MKSBOX1V1 has no document id list !
2021-11-18 07:16:31,308 [WARN] DbBoards:127 - board STEVAL-STWINKT1 has no document id list !
2021-11-18 07:16:31,308 [WARN] DbBoards:127 - board STEVAL-STWINKT1B has no document id list !
2021-11-18 07:16:31,308 [WARN] DbBoards:127 - board STM32439I-EVAL2 has no document id list !
2021-11-18 07:16:31,308 [WARN] DbBoards:127 - board STM32F401C-DISCO has no document id list !
2021-11-18 07:16:31,308 [WARN] DbBoards:127 - board STM32F769I-DISC1 has no document id list !
2021-11-18 07:16:31,308 [WARN] DbBoards:127 - board STM32G474E-EVAL1 has no document id list !
2021-11-18 07:16:31,308 [WARN] DbBoards:127 - board STM32H743I-EVAL2 has no document id list !
2021-11-18 07:16:31,308 [WARN] DbBoards:127 - board STM32H747I-DISC1 has no document id list !
2021-11-18 07:16:31,308 [WARN] DbBoards:127 - board STM32H753I-EVAL2 has no document id list !
2021-11-18 07:16:31,308 [WARN] DbBoards:127 - board STM32L-DISCOVERY has no document id list !
2021-11-18 07:16:31,495 [ERROR] DbBoards:189 - Image file not found for board B-U585I-IOT02A: C:\Appz\ST\STM32CubeIDE_1.2.0\STM32CubeIDE\plugins\com.st.stm32cube.common.mx_6.3.0.202107141111\\db\/plugins/mcufinder/images/boards/B-U585I-IOT02A_small.jpg
2021-11-18 07:16:33,542 [INFO] ApiDb:251 - Load user favorites file C:\Users\student/.stm32cubeide/favorites.boards.txt: 1 item(s)
2021-11-18 07:16:33,542 [INFO] ApiDb:255 - User favorites Boards=[NUCLEO-F030R8]
2021-11-18 07:16:33,558 [INFO] DbBoards:206 - Set 1 / 1 favorites Boards
2021-11-18 07:16:33,558 [INFO] DbBoardsDocs:79 - Found 418 boards documents
2021-11-18 07:16:33,558 [INFO] ApiDb:276 - Save user favorites file C:\Users\student/.stm32cubeide/favorites.boards.txt: 1 item(s)
2021-11-18 07:16:33,558 [INFO] ApiDb:280 - User favorites Boards=[NUCLEO-F030R8]
2021-11-18 07:16:33,558 [INFO] DbBoardsPdsc:90 - Found 25 items
2021-11-18 07:16:33,558 [INFO] DbBoardsPdsc:90 - Found 9 items
2021-11-18 07:16:33,573 [INFO] DbBoardsPdsc:90 - Found 33 items
2021-11-18 07:16:33,573 [INFO] DbBoardsPdsc:90 - Found 1 items
2021-11-18 07:16:33,573 [INFO] DbBoardsPdsc:90 - Found 48 items
2021-11-18 07:16:33,589 [INFO] DbBoardsPdsc:90 - Found 43 items
2021-11-18 07:16:33,589 [INFO] DbBoardsPdsc:90 - Found 2 items
2021-11-18 07:16:33,589 [INFO] DbBoardsPdsc:90 - Found 5 items
2021-11-18 07:16:33,589 [WARN] DbBoardsPdsc:254 - Board STM32H7B3I-DK: unknown feature type=Audio, name=, username=Audio stereo codec with Headphone Amp (CS42L51-CNZ), n=1
2021-11-18 07:16:33,589 [WARN] DbBoardsPdsc:254 - Board STM32H735G-DK: unknown feature type=Audio, name=, username=Audio stereo codec with Headphone Amp (WM8994ECS/R), n=1
2021-11-18 07:16:33,620 [WARN] DbBoardsPdsc:254 - Board STM32H7B3I-EVAL: unknown feature type=Audio, name=, username=Multi-Channel Audio Codec (CS42L51-CNZ), n=1
2021-11-18 07:16:33,620 [WARN] DbBoardsPdsc:254 - Board STM32H7B3I-EVAL: unknown feature type=Meter, name=, username=Power-metering and Temperature-monitoring with sigma-delta modulators, n=1
2021-11-18 07:16:33,620 [WARN] DbBoardsPdsc:254 - Board STM32H7B3I-EVAL: unknown feature type=Motor, name=, username=Motor Control, n=1
2021-11-18 07:16:33,620 [WARN] DbBoardsPdsc:254 - Board STM32U575I-EV: unknown feature type=joystick, name=, username=4-direction joystick with selection button, n=1
2021-11-18 07:16:33,636 [INFO] DbBoardsJson:86 - JSON generation date=Fri Oct 29 09:56:29 CEST 2021 (1635494189)
2021-11-18 07:16:33,651 [INFO] DbBoards:117 - Found 167 boards (163 are supported by CubeMX)
2021-11-18 07:16:33,651 [WARN] DbBoards:127 - board B-L475E-IOT01A2 has no document id list !
2021-11-18 07:16:33,651 [WARN] DbBoards:127 - board NUCLEO-H743ZI has no document id list !
2021-11-18 07:16:33,651 [WARN] DbBoards:127 - board NUCLEO-WL55JC2 has no document id list !
2021-11-18 07:16:33,651 [WARN] DbBoards:127 - board P-NUCLEO-WB55-Nucleo has no document id list !
2021-11-18 07:16:33,651 [WARN] DbBoards:127 - board P-NUCLEO-WB55-USBDongle has no document id list !
2021-11-18 07:16:33,651 [WARN] DbBoards:127 - board STEVAL-BFA001V1B has no document id list !
2021-11-18 07:16:33,651 [WARN] DbBoards:127 - board STEVAL-BFA001V2B has no document id list !
2021-11-18 07:16:33,651 [WARN] DbBoards:127 - board STEVAL-IDP005V1 has no document id list !
2021-11-18 07:16:33,651 [WARN] DbBoards:127 - board STEVAL-IDP005V2 has no document id list !
2021-11-18 07:16:33,651 [WARN] DbBoards:127 - board STEVAL-MKSBOX1V1 has no document id list !
2021-11-18 07:16:33,651 [WARN] DbBoards:127 - board STEVAL-STWINKT1 has no document id list !
2021-11-18 07:16:33,651 [WARN] DbBoards:127 - board STEVAL-STWINKT1B has no document id list !
2021-11-18 07:16:33,651 [WARN] DbBoards:127 - board STM32439I-EVAL2 has no document id list !
2021-11-18 07:16:33,651 [WARN] DbBoards:127 - board STM32F401C-DISCO has no document id list !
2021-11-18 07:16:33,651 [WARN] DbBoards:127 - board STM32F769I-DISC1 has no document id list !
2021-11-18 07:16:33,651 [WARN] DbBoards:127 - board STM32G474E-EVAL1 has no document id list !
2021-11-18 07:16:33,651 [WARN] DbBoards:127 - board STM32H743I-EVAL2 has no document id list !
2021-11-18 07:16:33,651 [WARN] DbBoards:127 - board STM32H747I-DISC1 has no document id list !
2021-11-18 07:16:33,651 [WARN] DbBoards:127 - board STM32H753I-EVAL2 has no document id list !
2021-11-18 07:16:33,651 [WARN] DbBoards:127 - board STM32L-DISCOVERY has no document id list !
2021-11-18 07:16:33,776 [ERROR] DbBoards:189 - Image file not found for board B-U585I-IOT02A: C:\Appz\ST\STM32CubeIDE_1.2.0\STM32CubeIDE\plugins\com.st.stm32cube.common.mx_6.3.0.202107141111\\db\/plugins/mcufinder/images/boards/B-U585I-IOT02A_small.jpg
2021-11-18 07:16:35,120 [INFO] ApiDb:251 - Load user favorites file C:\Users\student/.stm32cubeide/favorites.boards.txt: 1 item(s)
2021-11-18 07:16:35,120 [INFO] ApiDb:255 - User favorites Boards=[NUCLEO-F030R8]
2021-11-18 07:16:35,120 [INFO] DbBoards:206 - Set 1 / 1 favorites Boards
2021-11-18 07:16:35,120 [INFO] LoadUrlFilesThread:172 - End of LoadServerUrlFiles without Thread
2021-11-18 07:16:35,120 [INFO] TargetSelectorAdapter:224 - Refresh data is successful
2021-11-18 07:16:35,229 [INFO] ApiDb:479 - Connected to CubeFinder SQLite database (C:\Users\student\.stmcufinder\plugins\mcufinder\mcu\cube-finder-db.db)
2021-11-18 07:16:36,354 [INFO] DbExamplesSqlite:411 - Ignored 16 examples not supported by CubeIDE
2021-11-18 07:16:36,354 [INFO] DbExamplesSqlite:412 - Found 5811 examples active
2021-11-18 07:16:36,354 [INFO] DbExamplesSqlite:413 - Found 0 examples obsolete
2021-11-18 07:16:36,354 [INFO] DbExamplesSqlite:414 - Found 0 examples under development
2021-11-18 07:16:36,354 [INFO] DbExamplesSqlite:415 - Found 83 examples not building
2021-11-18 07:16:36,401 [INFO] DbExamplesSqlite:108 - CubeFinder database Data Model version=2.1
2021-11-18 07:16:36,401 [INFO] DbExamplesSqlite:109 - CubeFinder database Configuration version=3.0.14
2021-11-18 07:16:36,401 [INFO] DbExamplesSqlite:110 - CubeFinder database generation date=2021-10-26 (1635247417)
2021-11-18 07:16:36,401 [INFO] DbExamplesSqlite:111 - CubeFinder database FW Pack versions=[STM32Cube_FW_F4_V1.26.2, STM32Cube_FW_F7_V1.16.1, STM32Cube_FW_G0_V1.5.0, STM32Cube_FW_G4_V1.4.0, STM32Cube_FW_H7_V1.9.0, STM32Cube_FW_L5_V1.4.0, STM32Cube_FW_U5_V1.0.2, STM32Cube_FW_WB_V1.12.1, STM32Cube_FW_WL_V1.1.0, X-CUBE-ALS_V1.0.1, X-CUBE-AZRTOS-F4_V1.0.0, X-CUBE-AZRTOS-H7_V2.0.0, X-CUBE-AZRTOS-L4_V1.0.0, X-CUBE-BLE1_V6.2.1, X-CUBE-BLE2_V3.2.1, X-CUBE-EEPRMA1_V3.1.0, X-CUBE-GNSS1_V5.2.0, X-CUBE-NFC4_V2.0.3, X-CUBE-SFXS2LP1_V3.1.0, X-CUBE-SUBG2_V4.2.0]
2021-11-18 07:16:36,401 [INFO] DbExamples:130 - Found 5878 examples
2021-11-18 07:16:37,183 [ERROR] DbExamples:206 - Found 5878 examples with invalid data (board or MCU)
2021-11-18 07:16:37,183 [INFO] DbExamples:222 - Found 74 boards with related examples
2021-11-18 07:16:37,183 [INFO] DbExamples:235 - Found 0 MCUs with related examples
2021-11-18 07:16:37,198 [INFO] ApiDb:251 - Load user favorites file C:\Users\student/.stm32cubeide/favorites.examples.txt: 0 item(s)
2021-11-18 07:16:37,198 [INFO] ApiDb:255 - User favorites Examples=[]
2021-11-18 07:16:37,198 [INFO] DbExamples:256 - Set 0 / 0 favorites Examples
2021-11-18 07:16:37,406 [INFO] McuFinderGlobals:52 - Set McuFinderConnectedMode to false
2021-11-18 07:16:37,562 [INFO] CrossSelectorPresenter:1330 - Cross Selector saved comparison directory: C:\Users\student\.stmcufinder\plugins\mcufinder\mcu\cs_comparisons_mx
2021-11-18 07:16:37,562 [INFO] MultiScanPanel:197 - Auto-refresh data requested => check proxy status ongoing
2021-11-18 07:16:37,562 [INFO] MultiScanPanel:201 - Proxy status is invalid
2021-11-18 07:16:37,562 [INFO] FinderPluginLoader:87 - Searching for filters in installed packs
2021-11-18 07:16:38,234 [INFO] DetailPanel:309 - Set advertising image to C:/Users/student/STM32Cube/Repository/\en.Prom_NBSTM32U50921.jpg
2021-11-18 07:17:13,390 [INFO] MultiScanPanel:197 - Auto-refresh data requested => check proxy status ongoing
2021-11-18 07:17:13,390 [INFO] MultiScanPanel:201 - Proxy status is invalid
2021-11-18 07:17:13,468 [INFO] DetailPanel:309 - Set advertising image to C:/Users/student/STM32Cube/Repository/\en.Prom_NBSTM32U50921.jpg
2021-11-18 07:17:28,420 [INFO] BoardResultTable:551 - Mark Board NUCLEO-F429ZI as favorite
2021-11-18 07:17:56,203 [INFO] MainUpdater:2671 - connection check result : 10
2021-11-18 07:17:56,203 [INFO] MainUpdater:2671 - connection check result : 10
2021-11-18 07:17:56,245 [INFO] MicroXplorer:448 - Change Database Path : 
2021-11-18 07:17:56,245 [INFO] MicroXplorer:478 - Change Database Version : DB.6.0.30
2021-11-18 07:17:56,245 [WARN] ThirdParty:813 - waiting for thirdparty lock release [close project]
2021-11-18 07:17:56,245 [INFO] ThirdParty:815 - entering critical section [close project]
2021-11-18 07:17:56,245 [INFO] ThirdParty:825 - exiting critical section [close project]
2021-11-18 07:17:56,261 [INFO] PinOutPanel:1463 - setPackage(No Configuration,No Configuration)
2021-11-18 07:17:56,261 [INFO] UtilMem:74 - Begin LoadConfig() Used Memory: 711458816 Bytes (966787072)
2021-11-18 07:17:56,261 [INFO] OpenFileManager:313 - Change cursor
2021-11-18 07:17:59,901 [INFO] Context:592 - Trying to add GPIOservice into a context  which must be forbidden
2021-11-18 07:18:00,589 [INFO] Rule:220 - rule Rename SubGHz_Phy SUBGHZ_APPLICATION SUBGHZ_PINGPONG to SUBGHZ_ADV_APPLICATION is applicable
2021-11-18 07:18:00,589 [INFO] Rule:220 - rule Rename Enabled to IBEACON is applicable
2021-11-18 07:18:00,589 [INFO] Rule:220 - rule GTZC_S instance for project manager is applicable
2021-11-18 07:18:00,589 [INFO] Rule:220 - rule GTZC_S instance for context M33S is applicable
2021-11-18 07:18:00,589 [INFO] Rule:220 - rule GTZC_S instance value for IP GTZC is applicable
2021-11-18 07:18:00,589 [INFO] Rule:220 - rule GTZC_S instance for mcu.IP is applicable
2021-11-18 07:18:00,589 [INFO] Rule:220 - rule GTZC_S instance for VP is applicable
2021-11-18 07:18:00,589 [INFO] Rule:220 - rule GTZC_S instance for signal is applicable
2021-11-18 07:18:00,589 [INFO] Rule:220 - rule GTZC_S instance for mcu.Pin is applicable
2021-11-18 07:18:00,589 [INFO] Rule:220 - rule GTZC_S instance for VP is applicable
2021-11-18 07:18:00,589 [INFO] Rule:220 - rule GTZC_S instance for signal is applicable
2021-11-18 07:18:00,589 [INFO] Rule:220 - rule GTZC_S instance for mcu is applicable
2021-11-18 07:18:00,589 [INFO] Rule:220 - rule GTZC_S instance for mcu.Pin is applicable
2021-11-18 07:18:00,589 [INFO] Rule:220 - rule GTZC_S instance value for IP GTZC is applicable
2021-11-18 07:18:00,589 [INFO] Rule:220 - rule GTZC_S instance for project manager is applicable
2021-11-18 07:18:00,589 [INFO] Rule:220 - rule GTZC_S instance for context M33S is applicable
2021-11-18 07:18:00,589 [INFO] Rule:220 - rule GTZC_S instance for VP is applicable
2021-11-18 07:18:00,589 [INFO] Rule:220 - rule GTZC_S instance for signal is applicable
2021-11-18 07:18:00,589 [INFO] Rule:220 - rule SPDIFRX instance for mcu is applicable
2021-11-18 07:18:00,589 [INFO] Rule:220 - rule Rename Tracer Mode is applicable
2021-11-18 07:18:00,589 [INFO] Rule:220 - rule SPDIFRX instance value for IP SPDIFRX is applicable
2021-11-18 07:18:00,589 [INFO] Rule:220 - rule SPDIFRX instance for signal is applicable
2021-11-18 07:18:00,589 [INFO] Rule:220 - rule SPDIFRX instance for project manager is applicable
2021-11-18 07:18:00,589 [INFO] Rule:220 - rule SPDIFRX instance for project manager is applicable
2021-11-18 07:18:00,589 [INFO] Rule:220 - rule ADC Scan  fix with FW F7 is applicable
2021-11-18 07:18:00,589 [INFO] Rule:220 - rule ADC Scan  fix with FW F7 is applicable
2021-11-18 07:18:00,589 [INFO] Rule:220 - rule Change Default Value for ADC Clock Prescaler G0 family is applicable
2021-11-18 07:18:00,589 [INFO] Rule:220 - rule Rename DIE462/DIE415 pin PC14/OSC32_IN -> PC14-OSC32_IN (PC14) is applicable
2021-11-18 07:18:00,589 [INFO] Rule:220 - rule Rename DIE462/DIE415 pin PC15/OSC32_OUT -> PC15-OSC32_OUT (PC15) is applicable
2021-11-18 07:18:00,589 [INFO] Rule:220 - rule Rename DIE462/DIE415 pin PH0/OSC_IN -> PH0-OSC_IN (PH0) is applicable
2021-11-18 07:18:00,589 [INFO] Rule:220 - rule Rename DIE462/DIE415 pin PH1/OSC_OUT -> PH1-OSC_OUT (PH1) is applicable
2021-11-18 07:18:00,589 [INFO] Rule:220 - rule Rename DIE462 pin PA13 -> PA13 (JTMS/SWDIO) is applicable
2021-11-18 07:18:00,589 [INFO] Rule:220 - rule Rename DIE415 pin PA13 -> PA13 (JTMS/SWDIO) is applicable
2021-11-18 07:18:00,589 [INFO] Rule:220 - rule Rename DIE462 pin PA14 -> PA14 (JTCK/SWCLK) is applicable
2021-11-18 07:18:00,589 [INFO] Rule:220 - rule Rename DIE415 pin PA14 -> PA14 (JTCK/SWCLK) is applicable
2021-11-18 07:18:00,589 [INFO] Rule:220 - rule Rename DIE462/DIE415 pin PA15 -> PA15 (JTDI) is applicable
2021-11-18 07:18:00,589 [INFO] Rule:220 - rule Rename DIE462 pin PB3 -> PB3 (JTD0/TRACESWO) is applicable
2021-11-18 07:18:00,589 [INFO] Rule:220 - rule Rename DIE415 pin PB3 -> PB3 (JTD0-TRACESWO) is applicable
2021-11-18 07:18:00,589 [INFO] Rule:220 - rule Rename DIE462/DIE415 pin PB4 -> PB4 (NJTRST) is applicable
2021-11-18 07:18:00,589 [INFO] Rule:220 - rule Rename DIE462 pin PH3/BOOT0 -> PH3-BOOT0 (BOOT0) is applicable
2021-11-18 07:18:00,589 [INFO] Rule:220 - rule Rename CRYP DataEncryptionTypesList to Algorithm is applicable
2021-11-18 07:18:00,589 [INFO] Rule:220 - rule Rename AES DataEncryptionTypesList to Algorithm is applicable
2021-11-18 07:18:00,589 [INFO] Rule:220 - rule Rename TDESECB to CRYP_TDES_ECB is applicable
2021-11-18 07:18:00,589 [INFO] Rule:220 - rule Rename TDESCBC to CRYP_TDES_CBC is applicable
2021-11-18 07:18:00,589 [INFO] Rule:220 - rule Rename DESECB to CRYP_DES_ECB is applicable
2021-11-18 07:18:00,589 [INFO] Rule:220 - rule Rename DESCBC to CRYP_DES_CBC is applicable
2021-11-18 07:18:00,589 [INFO] Rule:220 - rule Rename AESECB to CRYP_AES_ECB is applicable
2021-11-18 07:18:00,589 [INFO] Rule:220 - rule Rename AESCBC to CRYP_AES_CBC is applicable
2021-11-18 07:18:00,589 [INFO] Rule:220 - rule Rename AESCTR to CRYP_AES_CTR is applicable
2021-11-18 07:18:00,589 [INFO] Rule:220 - rule Rename AESGCM to CRYP_AES_GCM is applicable
2021-11-18 07:18:00,589 [INFO] Rule:220 - rule Rename AESCCM to CRYP_AES_CCM is applicable
2021-11-18 07:18:00,589 [INFO] Rule:220 - rule Rename CAN TimeSeg1 to BS1 is applicable
2021-11-18 07:18:00,589 [INFO] Rule:220 - rule Rename CAN TimeSeg2 to BS2 is applicable
2021-11-18 07:18:00,589 [INFO] Rule:220 - rule Rename CAN SyncJumpWidth to SJW is applicable
2021-11-18 07:18:00,589 [INFO] Rule:220 - rule TimeTriggeredMode to TTCM is applicable
2021-11-18 07:18:00,589 [INFO] Rule:220 - rule Rename CAN AutoBusOff to ABOM is applicable
2021-11-18 07:18:00,589 [INFO] Rule:220 - rule Rename CAN AutoWakeUp to AWUM is applicable
2021-11-18 07:18:00,589 [INFO] Rule:220 - rule Rename CAN AutoRetransmission to NART is applicable
2021-11-18 07:18:00,589 [INFO] Rule:220 - rule Rename CAN ReceiveFifoLocked to RFLM is applicable
2021-11-18 07:18:00,589 [INFO] Rule:220 - rule Rename CAN TransmitFifoPriority to TXFP is applicable
2021-11-18 07:18:00,589 [INFO] Rule:220 - rule Rename HRTIMER HRTIM_OUTPUTFAULTLEVEL_HIGH in HRTIMER HRTIM_OUTPUTFAULTLEVEL_HIGHZ is applicable
2021-11-18 07:18:00,589 [INFO] Rule:220 - rule Rename TIMER TIM_CLEARINPUTSOURCE_OCREFCLR in  TIMER TIM_CLEARINPUTSOURCE_NONE for F7 family is applicable
2021-11-18 07:18:00,589 [INFO] Rule:220 - rule FDCAN_R1 - Rename FDCAN mode Master into Classic is applicable
2021-11-18 07:18:00,589 [INFO] Rule:220 - rule FDCAN_R2 - Rename FDCAN mode Slave into Classic is applicable
2021-11-18 07:18:00,589 [INFO] Rule:220 - rule FDCAN1_R3 - if PA10.Mode=FullDuplex, add Pin PA12 is applicable
2021-11-18 07:18:00,589 [INFO] Rule:220 - rule FDCAN1_R3 - if PA9.Mode=FullDuplex, add Pin PA11 is applicable
2021-11-18 07:18:00,589 [INFO] Rule:220 - rule FDCAN1_R3 - Alternatepin_1 - if PE1.Mode=FullDuplex, add Pin PB9 is applicable
2021-11-18 07:18:00,589 [INFO] Rule:220 - rule FDCAN1_R3 - Alternatepin_1 - if PE0.Mode=FullDuplex, add Pin PB8 is applicable
2021-11-18 07:18:00,589 [INFO] Rule:220 - rule FDCAN1_R3 - Alternatepin_2 - if PD5.Mode=FullDuplex, add Pin PD1 is applicable
2021-11-18 07:18:00,589 [INFO] Rule:220 - rule FDCAN1_R3 - Alternatepin_2 - if PD4.Mode=FullDuplex, add Pin PD0 is applicable
2021-11-18 07:18:00,589 [INFO] Rule:220 - rule FDCAN1_R4 - Rename Mode FullDuplex into Enable FDCAN_TXFD for pin PA10 is applicable
2021-11-18 07:18:00,589 [INFO] Rule:220 - rule FDCAN1_R4 - Rename Mode FullDuplex into Enable FDCAN_TXFD for pin PA9 is applicable
2021-11-18 07:18:00,589 [INFO] Rule:220 - rule FDCAN1_R4 - Alternatepin_1 - Rename Mode FullDuplex into Enable FDCAN_TXFD for pin PE1 is applicable
2021-11-18 07:18:00,589 [INFO] Rule:220 - rule FDCAN1_R4 - Alternatepin_1 - Rename Mode FullDuplex into Enable FDCAN_TXFD for pin PE0 is applicable
2021-11-18 07:18:00,589 [INFO] Rule:220 - rule FDCAN1_R4 - Alternatepin_2 - Rename Mode FullDuplex into Enable FDCAN_TXFD for pin PD5 is applicable
2021-11-18 07:18:00,589 [INFO] Rule:220 - rule FDCAN1_R4 - Alternatepin_2 - Rename Mode FullDuplex into Enable FDCAN_TXFD for pin PD4 is applicable
2021-11-18 07:18:00,589 [INFO] Rule:220 - rule FDCAN2_R3 - if PD10.Mode=FullDuplex, add Pin PB13 is applicable
2021-11-18 07:18:00,589 [INFO] Rule:220 - rule FDCAN2_R3 - if PD9.Mode=FullDuplex, add Pin PB12 is applicable
2021-11-18 07:18:00,589 [INFO] Rule:220 - rule FDCAN2_R3 - Alternatepin_1 - if PB7.Mode=FullDuplex, add Pin PB6 is applicable
2021-11-18 07:18:00,589 [INFO] Rule:220 - rule FDCAN2_R3 - Alternatepin_1 - if PD9.Mode=FullDuplex, add Pin PB12 is applicable
2021-11-18 07:18:00,589 [INFO] Rule:220 - rule FDCAN2_R4 - Rename Mode FullDuplex into Enable FDCAN_TXFD for pin PD10 is applicable
2021-11-18 07:18:00,589 [INFO] Rule:220 - rule FDCAN2_R4 - Rename Mode FullDuplex into Enable FDCAN_TXFD for pin PD9 is applicable
2021-11-18 07:18:00,589 [INFO] Rule:220 - rule FDCAN2_R4 - Alternatepin_1 - Rename Mode FullDuplex into Enable FDCAN_TXFD for pin PB7 is applicable
2021-11-18 07:18:00,589 [INFO] Rule:220 - rule FDCAN2_R4 - Alternatepin_1 - Rename Mode FullDuplex into Enable FDCAN_TXFD for pin PD6 is applicable
2021-11-18 07:18:00,589 [INFO] Rule:220 - rule USART TxPinLevelInvertParam Mode is applicable
2021-11-18 07:18:00,589 [INFO] Rule:220 - rule USART RxPinLevelInvertParam Mode is applicable
2021-11-18 07:18:00,589 [INFO] Rule:220 - rule USART DataInvertParam Mode is applicable
2021-11-18 07:18:00,589 [INFO] Rule:220 - rule USART SwapParam Mode is applicable
2021-11-18 07:18:00,589 [INFO] Rule:220 - rule USART OverrunDisableParam Mode is applicable
2021-11-18 07:18:00,589 [INFO] Rule:220 - rule USART DMADisableonRxErrorParam Mode is applicable
2021-11-18 07:18:00,589 [INFO] Rule:220 - rule USART MSBFirstParam Mode is applicable
2021-11-18 07:18:00,589 [INFO] Rule:220 - rule Update MwName for USB_DEVICE is applicable
2021-11-18 07:18:00,589 [INFO] Rule:220 - rule Change PWR_Regulator_Voltage_Scale Default Value for RCC  H7 family is applicable
2021-11-18 07:18:00,589 [INFO] Rule:220 - rule UART/USART IPParameter rename Prescaler parameter to ClockPrescaler is applicable
2021-11-18 07:18:00,589 [INFO] Rule:220 - rule UART/USART Prescaler rename Prescaler parameter to ClockPrescaler is applicable
2021-11-18 07:18:00,589 [INFO] Rule:220 - rule TIM1CLockSelection is applicable
2021-11-18 07:18:00,589 [INFO] Rule:220 - rule TIM15CLockSelection is applicable
2021-11-18 07:18:00,589 [INFO] Rule:220 - rule align RCC SDMMC3CLockSelection default value on MP1 is applicable
2021-11-18 07:18:00,589 [INFO] Rule:220 - rule align RCC SDMMC12CLockSelection default value on MP1 is applicable
2021-11-18 07:18:00,589 [INFO] Rule:220 - rule align RCC QSPICLockSelection default value on MP1 is applicable
2021-11-18 07:18:00,589 [INFO] Rule:220 - rule align RCC QSPICLockSelection default value on MP1 is applicable
2021-11-18 07:18:00,589 [INFO] Rule:220 - rule align RCC SPI6CLockSelection default value on MP1 is applicable
2021-11-18 07:18:00,589 [INFO] Rule:220 - rule align RCC LPTIM23CLockSelection default value on MP1 is applicable
2021-11-18 07:18:00,589 [INFO] Rule:220 - rule align RCC LPTIM1CLockSelection default value on MP1 is applicable
2021-11-18 07:18:00,589 [INFO] Rule:220 - rule align RCC USART1CLockSelection default value on MP1 is applicable
2021-11-18 07:18:00,589 [INFO] Rule:220 - rule align RCC USART24CLockSelection default value on MP1 is applicable
2021-11-18 07:18:00,589 [INFO] Rule:220 - rule align RCC USART6CLockSelection default value on MP1 is applicable
2021-11-18 07:18:00,589 [INFO] Rule:220 - rule align RCC UART78CLockSelection default value on MP1 is applicable
2021-11-18 07:18:00,589 [INFO] Rule:220 - rule align RCC USART35CLockSelection default value on MP1 is applicable
2021-11-18 07:18:00,589 [INFO] Rule:220 - rule align RCC SPI45CLockSelection default value on MP1 is applicable
2021-11-18 07:18:00,589 [INFO] Rule:220 - rule align RCC I2C46CLockSelection BCLK value on MP1 is applicable
2021-11-18 07:18:00,589 [INFO] Rule:220 - rule align RCC SPI45CLockSelection default value on MP1 is applicable
2021-11-18 07:18:00,589 [INFO] Rule:220 - rule align RCC I2C12CLockSelection default value on MP1 is applicable
2021-11-18 07:18:00,589 [INFO] Rule:220 - rule align RCC I2C35CLockSelection default value on MP1 is applicable
2021-11-18 07:18:00,589 [INFO] Rule:220 - rule align RCC LPTIM45CLockSelection default value on MP1 is applicable
2021-11-18 07:18:00,604 [INFO] Rule:220 - rule Rename DCMI PIXCK signal is applicable
2021-11-18 07:18:00,604 [INFO] Rule:220 - rule Change Default Value for I2C46CLockSelection MP1 family is applicable
2021-11-18 07:18:00,604 [INFO] Rule:220 - rule Change Default Value for UART for G4, G0 and WB families is applicable
2021-11-18 07:18:00,604 [INFO] Rule:220 - rule Change Default Value for USART for G4, G0 and WB families is applicable
2021-11-18 07:18:00,604 [INFO] Rule:220 - rule Change Default Value for USART for G4 family is applicable
2021-11-18 07:18:00,604 [INFO] Rule:220 - rule Change USART1CLockSelection refparam name for MP1 is applicable
2021-11-18 07:18:00,604 [INFO] Rule:220 - rule Change USART2CLockSelection refparam name for MP1 is applicable
2021-11-18 07:18:00,604 [INFO] Rule:220 - rule Change USART3CLockSelection refparam name for MP1 is applicable
2021-11-18 07:18:00,604 [INFO] Rule:220 - rule Change UART4CLockSelection refparam name for MP1 is applicable
2021-11-18 07:18:00,604 [INFO] Rule:220 - rule Change UART5CLockSelection refparam name for MP1 is applicable
2021-11-18 07:18:00,604 [INFO] Rule:220 - rule Change LPUART1CLockSelection refparam name for MP1 is applicable
2021-11-18 07:18:00,604 [INFO] Rule:220 - rule Change LPTIM1CLockSelection refparam name for MP1 is applicable
2021-11-18 07:18:00,604 [INFO] Rule:220 - rule Change LPTIM2CLockSelection refparam name for MP1 is applicable
2021-11-18 07:18:00,604 [INFO] Rule:220 - rule Change RCC_MCO1Source refparam name for MP1 is applicable
2021-11-18 07:18:00,604 [INFO] Rule:220 - rule Change LSCOSource1 refparam name for MP1 is applicable
2021-11-18 07:18:00,604 [INFO] Rule:220 - rule Change SMPSCLockSelection refparam name for MP1 is applicable
2021-11-18 07:18:00,604 [INFO] Rule:220 - rule Change LPTIM3CLockSelection refparam name for MP1 is applicable
2021-11-18 07:18:00,604 [INFO] Rule:220 - rule Change MPCBB* Default Template Mode to Parameters is applicable
2021-11-18 07:18:00,604 [INFO] Rule:220 - rule Change MPCWM* or MPCBB* Secure Mode to Parameters is applicable
2021-11-18 07:18:00,604 [INFO] Rule:220 - rule Change MPCWM* or MPCBB* No Secure Mode to Parameters is applicable
2021-11-18 07:18:00,604 [INFO] Rule:220 - rule Change TZSC IP Secure Mode to Parameters is applicable
2021-11-18 07:18:00,604 [INFO] Rule:220 - rule Change TZSC IP No Secure Mode to Parameters is applicable
2021-11-18 07:18:00,604 [INFO] Rule:220 - rule Change TZSC IP Privilege Mode to Parameters is applicable
2021-11-18 07:18:00,604 [INFO] Rule:220 - rule Change TZSC IP No Privilege Mode to Parameters is applicable
2021-11-18 07:18:00,604 [INFO] Rule:220 - rule Change TZIC IT Secure Mode to Parameters is applicable
2021-11-18 07:18:00,604 [INFO] Rule:220 - rule Change TZIC IT No Secure Mode to Parameters is applicable
2021-11-18 07:18:00,604 [INFO] Rule:220 - rule Add MPCBB1_NonSecureArea_Start_Address value with referenced to MPCBB1_NonSecureArea_Start value is applicable
2021-11-18 07:18:00,604 [INFO] Rule:220 - rule Add MPCBB2_NonSecureArea_Start_Address value with referenced to MPCBB2_NonSecureArea_Start value is applicable
2021-11-18 07:18:00,604 [INFO] Rule:220 - rule Add MPCWM1_NonSecureArea*_Start_Address value with referenced to MPCWM1_NonSecureArea*_Start value is applicable
2021-11-18 07:18:00,604 [INFO] Rule:220 - rule Add MPCWM2_NonSecureArea*_Start_Address value with referenced to MPCWM2_NonSecureArea*_Start value is applicable
2021-11-18 07:18:00,604 [INFO] Rule:220 - rule Add MPCWM3_NonSecureArea_Start_Address value with referenced to MPCWM3_NonSecureArea_Start value is applicable
2021-11-18 07:18:00,604 [INFO] Rule:220 - rule Change Default Value for PLL1UserDefinedConfig is applicable
2021-11-18 07:18:00,604 [INFO] Rule:220 - rule Change GPIO_PuPd Default Value for USART in async mode is applicable
2021-11-18 07:18:00,604 [INFO] Rule:220 - rule Change SMPSDivider Default Value is applicable
2021-11-18 07:18:00,604 [INFO] Rule:220 - rule OPAMP is applicable
2021-11-18 07:18:00,604 [INFO] Rule:220 - rule LPUART IPParameter rename Prescaler parameter to ClockPrescaler for STM32H7 is applicable
2021-11-18 07:18:00,604 [INFO] Rule:220 - rule LPUART IPParameter rename Prescaler parameter to ClockPrescaler for STM32H7 is applicable
2021-11-18 07:18:00,604 [INFO] Rule:220 - rule LPUART IPParameter rename Prescaler parameter to ClockPrescaler for STM32WB is applicable
2021-11-18 07:18:00,604 [INFO] Rule:220 - rule LPUART IPParameter rename Prescaler parameter to ClockPrescaler for STM32WB is applicable
2021-11-18 07:18:00,604 [INFO] Rule:220 - rule LPUART IPParameter rename Prescaler parameter to ClockPrescaler for STM32G4 is applicable
2021-11-18 07:18:00,604 [INFO] Rule:220 - rule LPUART IPParameter rename Prescaler parameter to ClockPrescaler for STM32G4 is applicable
2021-11-18 07:18:00,604 [INFO] Rule:220 - rule LPUART IPParameter rename Prescaler parameter to ClockPrescaler for STM32L5 is applicable
2021-11-18 07:18:00,604 [INFO] Rule:220 - rule LPUART IPParameter rename Prescaler parameter to ClockPrescaler for STM32G4 is applicable
2021-11-18 07:18:00,604 [INFO] Rule:220 - rule LPUART IPParameter rename Prescaler parameter to ClockPrescaler for STM32G4 is applicable
2021-11-18 07:18:00,604 [INFO] Rule:220 - rule USB device lib V2.5.3 for L0 rename USBD_SUPPORT_USER_STRING parameter to USBD_SUPPORT_USER_STRING_DESC4 is applicable
2021-11-18 07:18:00,604 [INFO] Rule:220 - rule I2SCLockSelection clock entry align is applicable
2021-11-18 07:18:00,604 [INFO] Rule:220 - rule Assign TIMx context if used as SYS timebase is applicable
2021-11-18 07:18:00,604 [INFO] Rule:220 - rule Change GPIO_Pu Default Value for I2C is applicable
2021-11-18 07:18:00,604 [INFO] Rule:220 - rule Change GPIO_Pu Default Value for SMBus is applicable
2021-11-18 07:18:00,620 [INFO] DbConfProperties:300 - Apply Compatibility (30/164 Rules)
2021-11-18 07:18:00,651 [INFO] ImportTextPane:167 - (OptionalMessage_ERROR) Unable to find key (Mcu.ThirdPartyNb) in loaded IOC file
2021-11-18 07:18:00,761 [WARN] ApiManager:304 - Cannot register API 'Board Extension:S2868A1' from pack STMicroelectronics.X-CUBE-SFXS2LP1.3.1.0: no header file found
2021-11-18 07:18:00,761 [WARN] ApiManager:304 - Cannot register API 'Board Extension:S2868A2' from pack STMicroelectronics.X-CUBE-SFXS2LP1.3.1.0: no header file found
2021-11-18 07:18:00,761 [WARN] ApiManager:304 - Cannot register API 'Board Extension:S2915A1' from pack STMicroelectronics.X-CUBE-SFXS2LP1.3.1.0: no header file found
2021-11-18 07:18:00,792 [WARN] ModelIntegratedComponent:60 - No mode defined for component null
2021-11-18 07:18:00,792 [WARN] ModelIntegratedComponent:60 - No mode defined for component null
2021-11-18 07:18:00,792 [WARN] ModelIntegratedComponent:60 - No mode defined for component null
2021-11-18 07:18:00,792 [WARN] ModelIntegratedComponent:60 - No mode defined for component null
2021-11-18 07:18:00,792 [WARN] ModelIntegratedComponent:60 - No mode defined for component null
2021-11-18 07:18:00,792 [WARN] ModelIntegratedComponent:60 - No mode defined for component null
2021-11-18 07:18:00,792 [WARN] ModelIntegratedComponent:60 - No mode defined for component null
2021-11-18 07:18:00,792 [WARN] ModelIntegratedComponent:60 - No mode defined for component null
2021-11-18 07:18:00,792 [WARN] ModelIntegratedComponent:60 - No mode defined for component null
2021-11-18 07:18:00,792 [WARN] ModelIntegratedComponent:60 - No mode defined for component null
2021-11-18 07:18:00,792 [WARN] ModelIntegratedComponent:60 - No mode defined for component null
2021-11-18 07:18:00,792 [WARN] ModelIntegratedComponent:60 - No mode defined for component null
2021-11-18 07:18:00,792 [WARN] ModelIntegratedComponent:60 - No mode defined for component null
2021-11-18 07:18:00,792 [WARN] ModelIntegratedComponent:60 - No mode defined for component null
2021-11-18 07:18:00,792 [WARN] ModelIntegratedComponent:60 - No mode defined for component null
2021-11-18 07:18:00,792 [WARN] ModelIntegratedComponent:60 - No mode defined for component null
2021-11-18 07:18:00,792 [WARN] ModelIntegratedComponent:60 - No mode defined for component null
2021-11-18 07:18:00,792 [WARN] ModelIntegratedComponent:60 - No mode defined for component null
2021-11-18 07:18:00,792 [WARN] ModelIntegratedComponent:60 - No mode defined for component null
2021-11-18 07:18:00,792 [WARN] ModelIntegratedComponent:60 - No mode defined for component null
2021-11-18 07:18:00,792 [WARN] ModelIntegratedComponent:60 - No mode defined for component null
2021-11-18 07:18:00,792 [WARN] ModelIntegratedComponent:60 - No mode defined for component null
2021-11-18 07:18:00,792 [WARN] ModelIntegratedComponent:60 - No mode defined for component null
2021-11-18 07:18:00,792 [WARN] ModelIntegratedComponent:60 - No mode defined for component null
2021-11-18 07:18:00,792 [WARN] ModelIntegratedComponent:60 - No mode defined for component null
2021-11-18 07:18:00,792 [WARN] ModelIntegratedComponent:60 - No mode defined for component null
2021-11-18 07:18:00,792 [WARN] ModelIntegratedComponent:60 - No mode defined for component null
2021-11-18 07:18:00,792 [WARN] ModelIntegratedComponent:60 - No mode defined for component null
2021-11-18 07:18:00,792 [WARN] ModelIntegratedComponent:60 - No mode defined for component null
2021-11-18 07:18:00,792 [WARN] ModelIntegratedComponent:60 - No mode defined for component null
2021-11-18 07:18:00,792 [WARN] ModelIntegratedComponent:60 - No mode defined for component null
2021-11-18 07:18:00,979 [WARN] ApiManager:304 - Cannot register API 'Board Extension:IKS01A3' from pack STMicroelectronics.X-CUBE-MEMS1.9.0.0: no header file found
2021-11-18 07:18:00,979 [WARN] ApiManager:304 - Cannot register API 'Board Extension:IKS01A2' from pack STMicroelectronics.X-CUBE-MEMS1.9.0.0: no header file found
2021-11-18 07:18:00,979 [WARN] ApiManager:304 - Cannot register API 'Board Extension:IKS02A1' from pack STMicroelectronics.X-CUBE-MEMS1.9.0.0: no header file found
2021-11-18 07:18:00,995 [WARN] ApiManager:304 - Cannot register API 'Board Extension:S2868A1' from pack STMicroelectronics.X-CUBE-SUBG2.4.2.0: no header file found
2021-11-18 07:18:00,995 [WARN] ApiManager:304 - Cannot register API 'Board Extension:S2868A2' from pack STMicroelectronics.X-CUBE-SUBG2.4.2.0: no header file found
2021-11-18 07:18:00,995 [WARN] ApiManager:304 - Cannot register API 'Board Extension:S2915A1' from pack STMicroelectronics.X-CUBE-SUBG2.4.2.0: no header file found
2021-11-18 07:18:01,182 [WARN] ApiManager:304 - Cannot register API 'Board Extension:IKS01A3' from pack STMicroelectronics.X-CUBE-MEMS1.9.1.0: no header file found
2021-11-18 07:18:01,182 [WARN] ApiManager:304 - Cannot register API 'Board Extension:IKS01A2' from pack STMicroelectronics.X-CUBE-MEMS1.9.1.0: no header file found
2021-11-18 07:18:01,182 [WARN] ApiManager:304 - Cannot register API 'Board Extension:IKS02A1' from pack STMicroelectronics.X-CUBE-MEMS1.9.1.0: no header file found
2021-11-18 07:18:01,198 [INFO] RtosManager:484 - Registered RTOS mode: class=CMSIS, group=RTOS, mode=CMSIS_V1, owner=FREERTOS
2021-11-18 07:18:01,198 [INFO] RtosManager:484 - Registered RTOS mode: class=CMSIS, group=RTOS2, mode=CMSIS_V2, owner=FREERTOS
2021-11-18 07:18:01,198 [INFO] RtosManager:484 - Registered RTOS mode: class=RTOS, group=Core, mode=CMSIS_V1, owner=FREERTOS
2021-11-18 07:18:01,198 [INFO] RtosManager:484 - Registered RTOS mode: class=RTOS, group=Core, mode=CMSIS_V2, owner=FREERTOS
2021-11-18 07:18:01,198 [WARN] ModelIntegratedComponent:181 - Missing modes for component STMicroelectronics:FreeRTOS:0.0.1:STMicroelectronics:RTOS:FreeRTOS:Core:::10.2.0:
2021-11-18 07:18:01,214 [WARN] ApiManager:304 - Cannot register API 'Board Extension:EEPRMA1' from pack STMicroelectronics.X-CUBE-EEPRMA1.3.1.0: no header file found
2021-11-18 07:18:01,214 [WARN] ApiManager:304 - Cannot register API 'Board Extension:EEPRMA2' from pack STMicroelectronics.X-CUBE-EEPRMA1.3.1.0: no header file found
2021-11-18 07:18:01,214 [WARN] ApiManager:304 - Cannot register API 'Board Extension:GNSS1A1' from pack STMicroelectronics.X-CUBE-GNSS1.5.2.0: no header file found
2021-11-18 07:18:01,214 [WARN] ApiManager:304 - Cannot register API 'Board Support:Custom' from pack STMicroelectronics.X-CUBE-GNSS1.5.2.0: no header file found
2021-11-18 07:18:01,214 [WARN] ApiManager:304 - Cannot register API 'Data Exchange:lib_gnss' from pack STMicroelectronics.X-CUBE-GNSS1.5.2.0: no header file found
2021-11-18 07:18:01,214 [WARN] ApiManager:304 - Cannot register API 'Wireless:BlueNRG-MS' from pack STMicroelectronics.X-CUBE-BLE1.6.2.1: no header file found
2021-11-18 07:18:01,214 [WARN] ApiManager:304 - Cannot register API 'Wireless:BlueNRG-MS' from pack STMicroelectronics.X-CUBE-BLE1.6.2.2: no header file found
2021-11-18 07:18:01,214 [WARN] ApiManager:304 - Cannot register API 'Wireless:BlueNRG-2' from pack STMicroelectronics.X-CUBE-BLE2.3.2.1: no header file found
2021-11-18 07:18:01,214 [WARN] ApiManager:304 - Cannot register API 'Wireless:BlueNRG-2' from pack STMicroelectronics.X-CUBE-BLE2.3.2.2: no header file found
2021-11-18 07:18:01,214 [WARN] ApiManager:304 - Cannot register API 'Board Extension:NFC04A1' from pack STMicroelectronics.X-CUBE-NFC4.2.0.3: no header file found
2021-11-18 07:18:03,089 [INFO] ImportTextPane:167 - (OptionalMessage_ERROR) IP (RCC) : Invalid parameter (ADC12outputFreq_Value)
2021-11-18 07:18:03,089 [INFO] ImportTextPane:167 - (OptionalMessage_ERROR) IP (RCC) : Invalid parameter (ADC34outputFreq_Value)
2021-11-18 07:18:03,089 [INFO] ImportTextPane:167 - (OptionalMessage_ERROR) IP (RCC) : Invalid parameter (FamilyName)
2021-11-18 07:18:03,089 [INFO] ImportTextPane:167 - (OptionalMessage_ERROR) IP (RCC) : Invalid parameter (I2C1Freq_Value)
2021-11-18 07:18:03,089 [INFO] ImportTextPane:167 - (OptionalMessage_ERROR) IP (RCC) : Invalid parameter (I2C2Freq_Value)
2021-11-18 07:18:03,089 [INFO] ImportTextPane:167 - (OptionalMessage_ERROR) IP (RCC) : Invalid parameter (I2C3Freq_Value)
2021-11-18 07:18:03,089 [INFO] ImportTextPane:167 - (OptionalMessage_ERROR) IP (RCC) : Parameter (MCO2PinFreq_Value) has invalid value (168000000)
2021-11-18 07:18:03,089 [INFO] ImportTextPane:167 - (OptionalMessage_ERROR) IP (RCC) : Invalid parameter (MCOFreq_Value)
2021-11-18 07:18:03,089 [INFO] ImportTextPane:167 - (OptionalMessage_ERROR) IP (RCC) : Invalid parameter (PLLMCOFreq_Value)
2021-11-18 07:18:03,089 [INFO] ImportTextPane:167 - (OptionalMessage_ERROR) IP (RCC) : Invalid parameter (PLLMUL)
2021-11-18 07:18:03,089 [INFO] ImportTextPane:167 - (OptionalMessage_ERROR) IP (RCC) : Invalid parameter (PRESCALERUSB)
2021-11-18 07:18:03,089 [INFO] ImportTextPane:167 - (OptionalMessage_ERROR) IP (RCC) : Parameter (RTCHSEDivFreq_Value) has invalid value (4000000)
2021-11-18 07:18:03,089 [INFO] ImportTextPane:167 - (OptionalMessage_ERROR) IP (RCC) : Invalid parameter (SYSCLKSourceVirtual)
2021-11-18 07:18:03,089 [INFO] ImportTextPane:167 - (OptionalMessage_ERROR) IP (RCC) : Invalid parameter (TIM15Freq_Value)
2021-11-18 07:18:03,089 [INFO] ImportTextPane:167 - (OptionalMessage_ERROR) IP (RCC) : Invalid parameter (TIM16Freq_Value)
2021-11-18 07:18:03,089 [INFO] ImportTextPane:167 - (OptionalMessage_ERROR) IP (RCC) : Invalid parameter (TIM17Freq_Value)
2021-11-18 07:18:03,089 [INFO] ImportTextPane:167 - (OptionalMessage_ERROR) IP (RCC) : Invalid parameter (TIM1Freq_Value)
2021-11-18 07:18:03,089 [INFO] ImportTextPane:167 - (OptionalMessage_ERROR) IP (RCC) : Invalid parameter (TIM20Freq_Value)
2021-11-18 07:18:03,089 [INFO] ImportTextPane:167 - (OptionalMessage_ERROR) IP (RCC) : Invalid parameter (TIM2Freq_Value)
2021-11-18 07:18:03,089 [INFO] ImportTextPane:167 - (OptionalMessage_ERROR) IP (RCC) : Invalid parameter (TIM3Freq_Value)
2021-11-18 07:18:03,089 [INFO] ImportTextPane:167 - (OptionalMessage_ERROR) IP (RCC) : Invalid parameter (TIM8Freq_Value)
2021-11-18 07:18:03,089 [INFO] ImportTextPane:167 - (OptionalMessage_ERROR) IP (RCC) : Invalid parameter (UART4Freq_Value)
2021-11-18 07:18:03,089 [INFO] ImportTextPane:167 - (OptionalMessage_ERROR) IP (RCC) : Invalid parameter (UART5Freq_Value)
2021-11-18 07:18:03,089 [INFO] ImportTextPane:167 - (OptionalMessage_ERROR) IP (RCC) : Invalid parameter (USART1Freq_Value)
2021-11-18 07:18:03,089 [INFO] ImportTextPane:167 - (OptionalMessage_ERROR) IP (RCC) : Invalid parameter (USART2Freq_Value)
2021-11-18 07:18:03,089 [INFO] ImportTextPane:167 - (OptionalMessage_ERROR) IP (RCC) : Invalid parameter (USART3Freq_Value)
2021-11-18 07:18:03,089 [INFO] ImportTextPane:167 - (OptionalMessage_ERROR) IP (RCC) : Invalid parameter (USBFreq_Value)
2021-11-18 07:18:03,089 [INFO] ImportTextPane:167 - (OptionalMessage_ERROR) IP (RCC) : Invalid parameter (VCOOutput2Freq_Value)
2021-11-18 07:18:03,886 [INFO] UtilMem:74 - End LoadConfig() Used Memory: 755313152 Bytes (966787072)
2021-11-18 07:18:03,886 [WARN] ThirdParty:779 - waiting for thirdparty lock release [change project]
2021-11-18 07:18:03,886 [INFO] ThirdParty:781 - entering critical section [change project]
2021-11-18 07:18:03,886 [INFO] ThirdParty:967 - CMSIS Pack Vendor :STMicroelectronics X-CUBE-SFXS2LP1 3.1.0
2021-11-18 07:18:03,886 [INFO] ThirdParty:967 - CMSIS Pack Vendor :RoweBots I-CUBE-UNISONRTOS 5.5.0-4
2021-11-18 07:18:03,886 [INFO] ThirdParty:967 - CMSIS Pack Vendor :STMicroelectronics X-CUBE-AZRTOS-F4 1.0.0
2021-11-18 07:18:03,886 [INFO] ThirdParty:967 - CMSIS Pack Vendor :STMicroelectronics USB_HOST 2.0.0
2021-11-18 07:18:03,886 [INFO] ThirdParty:967 - CMSIS Pack Vendor :STMicroelectronics X-CUBE-AZRTOS-H7 2.0.0
2021-11-18 07:18:03,886 [INFO] ThirdParty:967 - CMSIS Pack Vendor :STMicroelectronics X-CUBE-AZRTOS-L4 1.0.0
2021-11-18 07:18:03,886 [INFO] ThirdParty:967 - CMSIS Pack Vendor :STMicroelectronics USB_DEVICE 3.0.0
2021-11-18 07:18:03,886 [INFO] ThirdParty:967 - CMSIS Pack Vendor :STMicroelectronics X-CUBE-TOF1 2.0.0
2021-11-18 07:18:03,886 [INFO] ThirdParty:967 - CMSIS Pack Vendor :STMicroelectronics HAL Drivers 0.0.0
2021-11-18 07:18:03,886 [INFO] ThirdParty:967 - CMSIS Pack Vendor :STMicroelectronics MBEDTLS 2.16.2
2021-11-18 07:18:03,886 [INFO] ThirdParty:967 - CMSIS Pack Vendor :STMicroelectronics MBEDTLS 2.14.1
2021-11-18 07:18:03,886 [INFO] ThirdParty:967 - CMSIS Pack Vendor :STMicroelectronics X-CUBE-MEMS1 9.0.0
2021-11-18 07:18:03,886 [INFO] ThirdParty:967 - CMSIS Pack Vendor :STMicroelectronics X-CUBE-AZRTOS-H7 1.1.0
2021-11-18 07:18:03,886 [INFO] ThirdParty:967 - CMSIS Pack Vendor :STMicroelectronics X-CUBE-SUBG2 4.2.0
2021-11-18 07:18:03,886 [INFO] ThirdParty:967 - CMSIS Pack Vendor :STMicroelectronics X-CUBE-MEMS1 9.1.0
2021-11-18 07:18:03,886 [INFO] ThirdParty:967 - CMSIS Pack Vendor :STMicroelectronics X-CUBE-ALS 1.0.1
2021-11-18 07:18:03,886 [INFO] ThirdParty:967 - CMSIS Pack Vendor :STMicroelectronics USB_DEVICE 2.0.0
2021-11-18 07:18:03,886 [INFO] ThirdParty:967 - CMSIS Pack Vendor :STMicroelectronics X-CUBE-AI 7.0.0
2021-11-18 07:18:03,886 [INFO] ThirdParty:967 - CMSIS Pack Vendor :STMicroelectronics X-CUBE-ALGOBUILD 1.2.1
2021-11-18 07:18:03,886 [INFO] ThirdParty:967 - CMSIS Pack Vendor :STMicroelectronics X-CUBE-DISPLAY 1.0.0
2021-11-18 07:18:03,886 [INFO] ThirdParty:967 - CMSIS Pack Vendor :STMicroelectronics FreeRTOS 0.0.1
2021-11-18 07:18:03,886 [INFO] ThirdParty:967 - CMSIS Pack Vendor :STMicroelectronics USB_DEVICE 1.0.0
2021-11-18 07:18:03,886 [INFO] ThirdParty:967 - CMSIS Pack Vendor :SEGGER I-CUBE-embOS 1.2.0
2021-11-18 07:18:03,886 [INFO] ThirdParty:967 - CMSIS Pack Vendor :STMicroelectronics X-CUBE-EEPRMA1 3.1.0
2021-11-18 07:18:03,886 [INFO] ThirdParty:967 - CMSIS Pack Vendor :STMicroelectronics X-CUBE-GNSS1 5.2.0
2021-11-18 07:18:03,886 [INFO] ThirdParty:967 - CMSIS Pack Vendor :STMicroelectronics ThreadX 0.0.2
2021-11-18 07:18:03,886 [INFO] ThirdParty:967 - CMSIS Pack Vendor :STMicroelectronics lwIP 2.0.3
2021-11-18 07:18:03,886 [INFO] ThirdParty:967 - CMSIS Pack Vendor :STMicroelectronics lwIP 2.1.2
2021-11-18 07:18:03,886 [INFO] ThirdParty:967 - CMSIS Pack Vendor :STMicroelectronics X-CUBE-BLE1 6.2.1
2021-11-18 07:18:03,886 [INFO] ThirdParty:967 - CMSIS Pack Vendor :STMicroelectronics X-CUBE-BLE1 6.2.2
2021-11-18 07:18:03,886 [INFO] ThirdParty:967 - CMSIS Pack Vendor :STMicroelectronics X-CUBE-BLE2 3.2.1
2021-11-18 07:18:03,886 [INFO] ThirdParty:967 - CMSIS Pack Vendor :STMicroelectronics X-CUBE-BLE2 3.2.2
2021-11-18 07:18:03,886 [INFO] ThirdParty:967 - CMSIS Pack Vendor :STMicroelectronics X-CUBE-DISPLAY 2.0.0
2021-11-18 07:18:03,886 [INFO] ThirdParty:967 - CMSIS Pack Vendor :STMicroelectronics USB_HOST 1.0.0
2021-11-18 07:18:03,886 [INFO] ThirdParty:967 - CMSIS Pack Vendor :STMicroelectronics X-CUBE-NFC4 2.0.3
2021-11-18 07:18:03,886 [INFO] ThirdParty:967 - CMSIS Pack Vendor :wolfSSL I-CUBE-wolfSSL 4.8.0
2021-11-18 07:18:03,886 [INFO] ThirdParty:967 - CMSIS Pack Vendor :STMicroelectronics X-CUBE-TOUCHGFX 4.17.0
2021-11-18 07:18:03,886 [INFO] ThirdParty:967 - CMSIS Pack Vendor :STMicroelectronics PDM2PCM 3.1.0
2021-11-18 07:18:03,886 [INFO] ThirdParty:967 - CMSIS Pack Vendor :STMicroelectronics PDM2PCM 3.2.0
2021-11-18 07:18:03,886 [INFO] ThirdParty:967 - CMSIS Pack Vendor :STMicroelectronics PDM2PCM 3.3.0
2021-11-18 07:18:03,886 [INFO] ThirdParty:967 - CMSIS Pack Vendor :STMicroelectronics X-CUBE-TOUCHGFX 4.18.0
2021-11-18 07:18:03,886 [INFO] ThirdParty:787 - exiting critical section [change project]
2021-11-18 07:18:04,542 [INFO] PinOutPanel:1463 - setPackage(No Configuration,No Configuration)
2021-11-18 07:18:04,542 [INFO] PinOutPanel:1463 - setPackage(STM32F429ZITx,LQFP144)
2021-11-18 07:18:05,261 [INFO] UtilMem:74 - Before build in PCC Used Memory: 715093680 Bytes (966787072)
2021-11-18 07:18:06,026 [INFO] UtilMem:74 - After build in PCC Used Memory: 803696304 Bytes (966787072)
2021-11-18 07:18:06,089 [INFO] IPUIPlugin:74 - create IPUIPlugin
2021-11-18 07:18:06,089 [INFO] IPUIPlugin:74 - create IPUIPlugin
2021-11-18 07:18:06,089 [INFO] IPUIPlugin:74 - create IPUIPlugin
2021-11-18 07:18:06,089 [INFO] IPUIPlugin:74 - create IPUIPlugin
2021-11-18 07:18:06,089 [INFO] IPUIPlugin:74 - create IPUIPlugin
2021-11-18 07:18:06,089 [INFO] IPUIPlugin:74 - create IPUIPlugin
2021-11-18 07:18:06,089 [INFO] IPUIPlugin:74 - create IPUIPlugin
2021-11-18 07:18:06,089 [INFO] IPUIPlugin:74 - create IPUIPlugin
2021-11-18 07:18:06,089 [INFO] IPUIPlugin:74 - create IPUIPlugin
2021-11-18 07:18:06,089 [INFO] IPUIPlugin:74 - create IPUIPlugin
2021-11-18 07:18:06,089 [INFO] IPUIPlugin:74 - create IPUIPlugin
2021-11-18 07:18:06,089 [INFO] IPUIPlugin:74 - create IPUIPlugin
2021-11-18 07:18:06,089 [INFO] IPUIPlugin:74 - create IPUIPlugin
2021-11-18 07:18:06,089 [INFO] IPUIPlugin:74 - create IPUIPlugin
2021-11-18 07:18:06,089 [INFO] IPUIPlugin:74 - create IPUIPlugin
2021-11-18 07:18:06,089 [INFO] IPUIPlugin:74 - create IPUIPlugin
2021-11-18 07:18:06,089 [INFO] IPUIPlugin:74 - create IPUIPlugin
2021-11-18 07:18:06,089 [INFO] IPUIPlugin:74 - create IPUIPlugin
2021-11-18 07:18:06,089 [INFO] IPUIPlugin:74 - create IPUIPlugin
2021-11-18 07:18:06,089 [INFO] IPUIPlugin:74 - create IPUIPlugin
2021-11-18 07:18:06,089 [INFO] IPUIPlugin:74 - create IPUIPlugin
2021-11-18 07:18:06,089 [INFO] IPUIPlugin:74 - create IPUIPlugin
2021-11-18 07:18:06,089 [INFO] IPUIPlugin:74 - create IPUIPlugin
2021-11-18 07:18:06,089 [INFO] IPUIPlugin:74 - create IPUIPlugin
2021-11-18 07:18:06,089 [INFO] IPUIPlugin:74 - create IPUIPlugin
2021-11-18 07:18:06,089 [INFO] IPUIPlugin:74 - create IPUIPlugin
2021-11-18 07:18:06,089 [INFO] IPUIPlugin:74 - create IPUIPlugin
2021-11-18 07:18:06,089 [INFO] IPUIPlugin:74 - create IPUIPlugin
2021-11-18 07:18:06,089 [INFO] IPUIPlugin:74 - create IPUIPlugin
2021-11-18 07:18:06,089 [INFO] IPUIPlugin:74 - create IPUIPlugin
2021-11-18 07:18:06,089 [INFO] IPUIPlugin:74 - create IPUIPlugin
2021-11-18 07:18:06,089 [INFO] IPUIPlugin:74 - create IPUIPlugin
2021-11-18 07:18:06,089 [INFO] IPUIPlugin:74 - create IPUIPlugin
2021-11-18 07:18:06,089 [INFO] IPUIPlugin:74 - create IPUIPlugin
2021-11-18 07:18:06,089 [INFO] IPUIPlugin:74 - create IPUIPlugin
2021-11-18 07:18:06,089 [INFO] IPUIPlugin:74 - create IPUIPlugin
2021-11-18 07:18:06,089 [INFO] IPUIPlugin:74 - create IPUIPlugin
2021-11-18 07:18:06,089 [INFO] IPUIPlugin:74 - create IPUIPlugin
2021-11-18 07:18:06,089 [INFO] IPUIPlugin:74 - create IPUIPlugin
2021-11-18 07:18:06,089 [INFO] IPUIPlugin:74 - create IPUIPlugin
2021-11-18 07:18:06,104 [INFO] IPUIPlugin:74 - create IPUIPlugin
2021-11-18 07:18:06,104 [INFO] IPUIPlugin:74 - create IPUIPlugin
2021-11-18 07:18:06,104 [INFO] IPUIPlugin:74 - create IPUIPlugin
2021-11-18 07:18:06,104 [INFO] IPUIPlugin:74 - create IPUIPlugin
2021-11-18 07:18:06,104 [INFO] IPUIPlugin:74 - create IPUIPlugin
2021-11-18 07:18:06,104 [INFO] IPUIPlugin:74 - create IPUIPlugin
2021-11-18 07:18:06,104 [INFO] IPUIPlugin:74 - create IPUIPlugin
2021-11-18 07:18:06,104 [INFO] IPUIPlugin:74 - create IPUIPlugin
2021-11-18 07:18:06,104 [INFO] IPUIPlugin:74 - create IPUIPlugin
2021-11-18 07:18:06,104 [INFO] IPUIPlugin:74 - create IPUIPlugin
2021-11-18 07:18:06,104 [INFO] IPUIPlugin:74 - create IPUIPlugin
2021-11-18 07:18:06,104 [INFO] IPUIPlugin:74 - create IPUIPlugin
2021-11-18 07:18:06,104 [INFO] IPUIPlugin:74 - create IPUIPlugin
2021-11-18 07:18:06,104 [INFO] IPUIPlugin:74 - create IPUIPlugin
2021-11-18 07:18:06,104 [INFO] IPUIPlugin:74 - create IPUIPlugin
2021-11-18 07:18:06,104 [INFO] IPUIPlugin:74 - create IPUIPlugin
2021-11-18 07:18:06,104 [INFO] IPUIPlugin:74 - create IPUIPlugin
2021-11-18 07:18:06,104 [INFO] IPUIPlugin:74 - create IPUIPlugin
2021-11-18 07:18:06,104 [INFO] IPUIPlugin:74 - create IPUIPlugin
2021-11-18 07:18:06,104 [INFO] IPUIPlugin:74 - create IPUIPlugin
2021-11-18 07:18:06,104 [INFO] IPUIPlugin:74 - create IPUIPlugin
2021-11-18 07:18:06,104 [INFO] IPUIPlugin:74 - create IPUIPlugin
2021-11-18 07:18:06,120 [INFO] IPUIPlugin:74 - create IPUIPlugin
2021-11-18 07:18:06,120 [INFO] IPUIPlugin:74 - create IPUIPlugin
2021-11-18 07:18:06,120 [INFO] IPUIPlugin:74 - create IPUIPlugin
2021-11-18 07:18:06,120 [INFO] IPUIPlugin:74 - create IPUIPlugin
2021-11-18 07:18:06,182 [INFO] ApiDbMcu:468 - Load IP Config File for PDM2PCM
2021-11-18 07:18:06,370 [INFO] OpenFileManager:333 - Restore cursor
2021-11-18 07:18:06,807 [INFO] UtilMem:74 - End SaveConfig() Used Memory: 771746304 Bytes (966787072)
2021-11-18 07:18:07,097 [INFO] ServerAccessManage:362 - Download File stm32cube_fw_f4_v1260.zip
2021-11-18 07:19:02,250 [ERROR] FileExtend:450 - File entry not found
2021-11-18 07:19:02,250 [INFO] FileExtend:235 - Unzip File : stm32cube_fw_f4_v1260.zip
2021-11-18 07:19:02,250 [INFO] FileExtend:250 - Standard Zip Deflate
2021-11-18 07:19:57,846 [INFO] ServerAccessManage:362 - Download File stm32cube_fw_f4_v1262.zip
2021-11-18 07:20:15,857 [INFO] FileExtend:235 - Unzip File : stm32cube_fw_f4_v1262.zip
2021-11-18 07:20:15,857 [INFO] FileExtend:250 - Standard Zip Deflate
2021-11-18 07:20:56,750 [INFO] LoadServerPackagesThread:180 - End of LoadServerPackages Thread
2021-11-18 07:20:56,943 [INFO] UtilMem:74 - End SaveConfig() Used Memory: 894704160 Bytes (1073741824)
2021-11-18 07:20:57,459 [INFO] BlockDiagram:2740 - set Specific Code input for plugin: SYS
2021-11-18 07:20:57,459 [INFO] BlockDiagram:2740 - set Specific Code input for plugin: RCC
2021-11-18 07:20:57,459 [INFO] BlockDiagram:2740 - set Specific Code input for plugin: USB_OTG_FS
2021-11-18 07:20:57,459 [INFO] BlockDiagram:2740 - set Specific Code input for plugin: NVIC
2021-11-18 07:20:57,459 [INFO] BlockDiagram:2740 - set Specific Code input for plugin: USART
2021-11-18 07:20:57,459 [INFO] BlockDiagram:2740 - set Specific Code input for plugin: GPIO
2021-11-18 07:20:57,459 [INFO] BlockDiagram:2740 - set Specific Code input for plugin: ETH
2021-11-18 07:20:57,490 [INFO] CodeGenerator:663 - code generatio: config db path: C:\Appz\ST\STM32CubeIDE_1.2.0\STM32CubeIDE\plugins\com.st.stm32cube.common.mx_6.3.0.202107141111\\db\
2021-11-18 07:20:57,974 [INFO] CheckServerUpdateThread:112 - End of CheckServer Thread
2021-11-18 07:20:58,521 [INFO] CodeEngine:239 - oldGeneratedFile, D:\Documents\MKS\osme_cvicenie\CV_8\MXTmpFiles\license.tmp_save
2021-11-18 07:20:58,974 [INFO] CodeEngine:257 - Generated code: D:\Documents\MKS\osme_cvicenie\CV_8\MXTmpFiles\license.tmp
2021-11-18 07:20:59,084 [INFO] CodeEngine:239 - oldGeneratedFile, D:\Documents\MKS\osme_cvicenie\CV_8\MXTmpFiles\gpio.tmp_save
2021-11-18 07:20:59,211 [INFO] CodeEngine:257 - Generated code: D:\Documents\MKS\osme_cvicenie\CV_8\MXTmpFiles\gpio.tmp
2021-11-18 07:20:59,662 [WARN] IPConfigManager:2738 - Warning: the RefConfig PWREx_EnableUSBVoltageDetector is not available in your config.xml file
2021-11-18 07:20:59,692 [INFO] CodeEngine:239 - oldGeneratedFile, D:\Documents\MKS\osme_cvicenie\CV_8\Core\Src\stm32f4xx_it.c_save
2021-11-18 07:20:59,855 [INFO] CodeEngine:257 - Generated code: D:\Documents\MKS\osme_cvicenie\CV_8\Core\Src\stm32f4xx_it.c
2021-11-18 07:20:59,860 [INFO] CodeEngine:239 - oldGeneratedFile, D:\Documents\MKS\osme_cvicenie\CV_8\Core\Inc\stm32f4xx_it.h_save
2021-11-18 07:20:59,940 [INFO] CodeEngine:257 - Generated code: D:\Documents\MKS\osme_cvicenie\CV_8\Core\Inc\stm32f4xx_it.h
2021-11-18 07:20:59,971 [INFO] CodeEngine:239 - oldGeneratedFile, D:\Documents\MKS\osme_cvicenie\CV_8\Core\Src\stm32f4xx_hal_msp.c_save
2021-11-18 07:21:00,141 [INFO] CodeEngine:257 - Generated code: D:\Documents\MKS\osme_cvicenie\CV_8\Core\Src\stm32f4xx_hal_msp.c
2021-11-18 07:21:00,148 [INFO] CodeEngine:239 - oldGeneratedFile, D:\Documents\MKS\osme_cvicenie\CV_8\MXTmpFiles\system.tmp_save
2021-11-18 07:21:00,235 [INFO] CodeEngine:257 - Generated code: D:\Documents\MKS\osme_cvicenie\CV_8\MXTmpFiles\system.tmp
2021-11-18 07:21:00,251 [INFO] CodeEngine:239 - oldGeneratedFile, D:\Documents\MKS\osme_cvicenie\CV_8\Core\Inc\stm32f4xx_hal_conf.h_save
2021-11-18 07:21:00,345 [INFO] CodeEngine:257 - Generated code: D:\Documents\MKS\osme_cvicenie\CV_8\Core\Inc\stm32f4xx_hal_conf.h
2021-11-18 07:21:00,408 [WARN] IPConfigManager:3148 - IP not found : USB_OTG
2021-11-18 07:21:00,408 [WARN] CodeGenerator:3268 - IP not found : null
2021-11-18 07:21:00,408 [INFO] CodeEngine:239 - oldGeneratedFile, D:\Documents\MKS\osme_cvicenie\CV_8\Core\Inc\main.h_save
2021-11-18 07:21:00,501 [INFO] CodeEngine:257 - Generated code: D:\Documents\MKS\osme_cvicenie\CV_8\Core\Inc\main.h
2021-11-18 07:21:00,501 [INFO] CodeEngine:239 - oldGeneratedFile, D:\Documents\MKS\osme_cvicenie\CV_8\Core\Src\main.c_save
2021-11-18 07:21:00,658 [INFO] CodeEngine:257 - Generated code: D:\Documents\MKS\osme_cvicenie\CV_8\Core\Src\main.c
2021-11-18 07:21:01,595 [INFO] ProjectBuilder:2578 - Time for Copy HAL[1] : 109mS.
2021-11-18 07:21:01,595 [INFO] ProjectBuilder:3622 - Project Generator version: 3.14.1
2021-11-18 07:21:02,205 [INFO] ConfigFileManager:1271 - The Die is : DIE419
2021-11-18 07:21:02,267 [INFO] ApiDbMcu:468 - Load IP Config File for FATFS
2021-11-18 07:21:02,314 [INFO] ApiDbMcu:468 - Load IP Config File for FREERTOS
2021-11-18 07:21:02,330 [INFO] ApiDbMcu:468 - Load IP Config File for LIBJPEG
2021-11-18 07:21:02,423 [INFO] ApiDbMcu:468 - Load IP Config File for LWIP
2021-11-18 07:21:02,548 [INFO] ApiDbMcu:468 - Load IP Config File for MBEDTLS
2021-11-18 07:21:02,611 [INFO] ApiDbMcu:468 - Load IP Config File for USB_DEVICE
2021-11-18 07:21:02,626 [INFO] ApiDbMcu:468 - Load IP Config File for USB_HOST
2021-11-18 07:21:06,689 [INFO] ProjectBuilder:3789 - Time for Generating toolchain IDE Files: 5094mS.
2021-11-18 07:21:06,705 [INFO] ProjectBuilder:2457 - Time for Copy CMSIS : 0mS.
2021-11-18 07:21:06,705 [INFO] ProjectBuilder:2457 - Time for Copy CMSIS : 0mS.
2021-11-18 07:21:07,086 [INFO] McuFinderGlobals:52 - Set McuFinderConnectedMode to true
2021-11-18 07:21:07,133 [INFO] ApiDb:276 - Save user favorites file C:\Users\student/.stm32cubeide/favorites.mcus.txt: 0 item(s)
2021-11-18 07:21:07,133 [INFO] ApiDb:280 - User favorites MCUs=[]
2021-11-18 07:21:07,133 [INFO] ApiDb:276 - Save user favorites file C:\Users\student/.stm32cubeide/favorites.boards.txt: 2 item(s)
2021-11-18 07:21:07,133 [INFO] ApiDb:280 - User favorites Boards=[NUCLEO-F030R8, NUCLEO-F429ZI]
2021-11-18 07:23:02,298 [INFO] UtilMem:74 - End SaveConfig() Used Memory: 456446312 Bytes (891289600)
2021-11-18 07:23:05,308 [INFO] UtilMem:74 - End SaveConfig() Used Memory: 398456824 Bytes (891289600)
2021-11-18 07:23:05,761 [INFO] BlockDiagram:2740 - set Specific Code input for plugin: SYS
2021-11-18 07:23:05,761 [INFO] BlockDiagram:2740 - set Specific Code input for plugin: RCC
2021-11-18 07:23:05,761 [INFO] BlockDiagram:2740 - set Specific Code input for plugin: NVIC
2021-11-18 07:23:05,761 [INFO] BlockDiagram:2740 - set Specific Code input for plugin: USART
2021-11-18 07:23:05,761 [INFO] BlockDiagram:2740 - set Specific Code input for plugin: GPIO
2021-11-18 07:23:05,761 [INFO] CodeGenerator:663 - code generatio: config db path: C:\Appz\ST\STM32CubeIDE_1.2.0\STM32CubeIDE\plugins\com.st.stm32cube.common.mx_6.3.0.202107141111\\db\
2021-11-18 07:23:06,652 [INFO] CodeEngine:239 - oldGeneratedFile, D:\Documents\MKS\osme_cvicenie\CV_8\MXTmpFiles\license.tmp_save
2021-11-18 07:23:06,715 [INFO] CodeEngine:257 - Generated code: D:\Documents\MKS\osme_cvicenie\CV_8\MXTmpFiles\license.tmp
2021-11-18 07:23:06,777 [INFO] CodeEngine:239 - oldGeneratedFile, D:\Documents\MKS\osme_cvicenie\CV_8\MXTmpFiles\gpio.tmp_save
2021-11-18 07:23:06,855 [INFO] CodeEngine:257 - Generated code: D:\Documents\MKS\osme_cvicenie\CV_8\MXTmpFiles\gpio.tmp
2021-11-18 07:23:07,011 [INFO] CodeEngine:239 - oldGeneratedFile, D:\Documents\MKS\osme_cvicenie\CV_8\Core\Src\stm32f4xx_it.c_save
2021-11-18 07:23:07,105 [INFO] CodeEngine:257 - Generated code: D:\Documents\MKS\osme_cvicenie\CV_8\Core\Src\stm32f4xx_it.c
2021-11-18 07:23:07,121 [INFO] CodeEngine:239 - oldGeneratedFile, D:\Documents\MKS\osme_cvicenie\CV_8\Core\Inc\stm32f4xx_it.h_save
2021-11-18 07:23:07,183 [INFO] CodeEngine:257 - Generated code: D:\Documents\MKS\osme_cvicenie\CV_8\Core\Inc\stm32f4xx_it.h
2021-11-18 07:23:07,199 [INFO] CodeEngine:239 - oldGeneratedFile, D:\Documents\MKS\osme_cvicenie\CV_8\Core\Src\stm32f4xx_hal_msp.c_save
2021-11-18 07:23:07,324 [INFO] CodeEngine:257 - Generated code: D:\Documents\MKS\osme_cvicenie\CV_8\Core\Src\stm32f4xx_hal_msp.c
2021-11-18 07:23:07,324 [INFO] CodeEngine:239 - oldGeneratedFile, D:\Documents\MKS\osme_cvicenie\CV_8\MXTmpFiles\system.tmp_save
2021-11-18 07:23:07,386 [INFO] CodeEngine:257 - Generated code: D:\Documents\MKS\osme_cvicenie\CV_8\MXTmpFiles\system.tmp
2021-11-18 07:23:07,402 [INFO] CodeEngine:239 - oldGeneratedFile, D:\Documents\MKS\osme_cvicenie\CV_8\Core\Inc\stm32f4xx_hal_conf.h_save
2021-11-18 07:23:07,480 [INFO] CodeEngine:257 - Generated code: D:\Documents\MKS\osme_cvicenie\CV_8\Core\Inc\stm32f4xx_hal_conf.h
2021-11-18 07:23:07,511 [INFO] CodeEngine:239 - oldGeneratedFile, D:\Documents\MKS\osme_cvicenie\CV_8\Core\Inc\main.h_save
2021-11-18 07:23:07,590 [INFO] CodeEngine:257 - Generated code: D:\Documents\MKS\osme_cvicenie\CV_8\Core\Inc\main.h
2021-11-18 07:23:07,605 [INFO] CodeEngine:239 - oldGeneratedFile, D:\Documents\MKS\osme_cvicenie\CV_8\Core\Src\main.c_save
2021-11-18 07:23:07,777 [INFO] CodeEngine:257 - Generated code: D:\Documents\MKS\osme_cvicenie\CV_8\Core\Src\main.c
2021-11-18 07:23:08,668 [INFO] ProjectBuilder:2578 - Time for Copy HAL[1] : 94mS.
2021-11-18 07:23:08,668 [INFO] ProjectBuilder:3622 - Project Generator version: 3.14.1
2021-11-18 07:23:09,277 [INFO] ConfigFileManager:1271 - The Die is : DIE419
2021-11-18 07:23:11,449 [INFO] ProjectBuilder:3789 - Time for Generating toolchain IDE Files: 2781mS.
2021-11-18 07:23:11,449 [INFO] ProjectBuilder:2457 - Time for Copy CMSIS : 0mS.
2021-11-18 07:23:11,465 [INFO] ProjectBuilder:2457 - Time for Copy CMSIS : 0mS.
2021-11-18 08:01:37,363 [INFO] Gpio:254 - dependency for GPIO [RCC, SYS, USART3]
2021-11-18 08:03:23,891 [INFO] Gpio:254 - dependency for GPIO [RCC, SYS, USART3]
2021-11-18 08:05:00,499 [INFO] NvicIntPanel:96 - NVIC parent = com.st.microxplorer.plugins.ip.nvic.MultiNvicIntPanel[,0,0,450x159,layout=javax.swing.BoxLayout,alignmentX=0.0,alignmentY=0.0,border=,flags=9,maximumSize=,minimumSize=,preferredSize=]
2021-11-18 08:06:21,412 [INFO] UtilMem:74 - End SaveConfig() Used Memory: 843709400 Bytes (948961280)
2021-11-18 08:06:23,334 [INFO] UtilMem:74 - End SaveConfig() Used Memory: 434947344 Bytes (948961280)
2021-11-18 08:06:23,819 [INFO] BlockDiagram:2740 - set Specific Code input for plugin: TIM1_8
2021-11-18 08:06:23,819 [INFO] BlockDiagram:2740 - set Specific Code input for plugin: SYS
2021-11-18 08:06:23,819 [INFO] BlockDiagram:2740 - set Specific Code input for plugin: RCC
2021-11-18 08:06:23,819 [INFO] BlockDiagram:2740 - set Specific Code input for plugin: NVIC
2021-11-18 08:06:23,819 [INFO] BlockDiagram:2740 - set Specific Code input for plugin: USART
2021-11-18 08:06:23,819 [INFO] BlockDiagram:2740 - set Specific Code input for plugin: GPIO
2021-11-18 08:06:23,819 [INFO] CodeGenerator:663 - code generatio: config db path: C:\Appz\ST\STM32CubeIDE_1.2.0\STM32CubeIDE\plugins\com.st.stm32cube.common.mx_6.3.0.202107141111\\db\
2021-11-18 08:06:24,788 [INFO] CodeEngine:239 - oldGeneratedFile, D:\Documents\MKS\osme_cvicenie\CV_8\MXTmpFiles\license.tmp_save
2021-11-18 08:06:24,897 [INFO] CodeEngine:257 - Generated code: D:\Documents\MKS\osme_cvicenie\CV_8\MXTmpFiles\license.tmp
2021-11-18 08:06:25,022 [INFO] CodeEngine:239 - oldGeneratedFile, D:\Documents\MKS\osme_cvicenie\CV_8\MXTmpFiles\gpio.tmp_save
2021-11-18 08:06:25,116 [INFO] CodeEngine:257 - Generated code: D:\Documents\MKS\osme_cvicenie\CV_8\MXTmpFiles\gpio.tmp
2021-11-18 08:06:25,506 [INFO] CodeEngine:239 - oldGeneratedFile, D:\Documents\MKS\osme_cvicenie\CV_8\Core\Src\stm32f4xx_it.c_save
2021-11-18 08:06:25,647 [INFO] CodeEngine:257 - Generated code: D:\Documents\MKS\osme_cvicenie\CV_8\Core\Src\stm32f4xx_it.c
2021-11-18 08:06:25,663 [INFO] CodeEngine:239 - oldGeneratedFile, D:\Documents\MKS\osme_cvicenie\CV_8\Core\Inc\stm32f4xx_it.h_save
2021-11-18 08:06:25,741 [INFO] CodeEngine:257 - Generated code: D:\Documents\MKS\osme_cvicenie\CV_8\Core\Inc\stm32f4xx_it.h
2021-11-18 08:06:25,756 [INFO] CodeEngine:239 - oldGeneratedFile, D:\Documents\MKS\osme_cvicenie\CV_8\Core\Src\stm32f4xx_hal_msp.c_save
2021-11-18 08:06:25,913 [INFO] CodeEngine:257 - Generated code: D:\Documents\MKS\osme_cvicenie\CV_8\Core\Src\stm32f4xx_hal_msp.c
2021-11-18 08:06:25,913 [INFO] CodeEngine:239 - oldGeneratedFile, D:\Documents\MKS\osme_cvicenie\CV_8\MXTmpFiles\system.tmp_save
2021-11-18 08:06:25,975 [INFO] CodeEngine:257 - Generated code: D:\Documents\MKS\osme_cvicenie\CV_8\MXTmpFiles\system.tmp
2021-11-18 08:06:25,991 [INFO] CodeEngine:239 - oldGeneratedFile, D:\Documents\MKS\osme_cvicenie\CV_8\Core\Inc\stm32f4xx_hal_conf.h_save
2021-11-18 08:06:26,084 [INFO] CodeEngine:257 - Generated code: D:\Documents\MKS\osme_cvicenie\CV_8\Core\Inc\stm32f4xx_hal_conf.h
2021-11-18 08:06:26,116 [WARN] IPConfigManager:3148 - IP not found : TIM
2021-11-18 08:06:26,116 [WARN] CodeGenerator:3268 - IP not found : null
2021-11-18 08:06:26,131 [INFO] CodeEngine:239 - oldGeneratedFile, D:\Documents\MKS\osme_cvicenie\CV_8\Core\Inc\main.h_save
2021-11-18 08:06:26,209 [INFO] CodeEngine:257 - Generated code: D:\Documents\MKS\osme_cvicenie\CV_8\Core\Inc\main.h
2021-11-18 08:06:26,209 [INFO] CodeEngine:239 - oldGeneratedFile, D:\Documents\MKS\osme_cvicenie\CV_8\Core\Src\main.c_save
2021-11-18 08:06:26,350 [INFO] CodeEngine:257 - Generated code: D:\Documents\MKS\osme_cvicenie\CV_8\Core\Src\main.c
2021-11-18 08:06:27,256 [INFO] ProjectBuilder:2578 - Time for Copy HAL[1] : 140mS.
2021-11-18 08:06:27,272 [INFO] ProjectBuilder:3622 - Project Generator version: 3.14.1
2021-11-18 08:06:27,788 [INFO] ConfigFileManager:1271 - The Die is : DIE419
2021-11-18 08:06:30,084 [INFO] ProjectBuilder:3789 - Time for Generating toolchain IDE Files: 2812mS.
2021-11-18 08:06:30,084 [INFO] ProjectBuilder:2457 - Time for Copy CMSIS : 0mS.
2021-11-18 08:06:30,084 [INFO] ProjectBuilder:2457 - Time for Copy CMSIS : 0mS.
2021-11-18 10:03:24,159 [ERROR] LogOutputStream:74 - [STDERR_REDIRECT] Exception in thread "SWV client thread" java.lang.NullPointerException
2021-11-18 10:03:24,162 [ERROR] LogOutputStream:74 - [STDERR_REDIRECT] 	at com.st.stm32cube.ide.mcu.debug.swv.core.SWVPlugin.debugTrace(SWVPlugin.java:85)
2021-11-18 10:03:24,165 [ERROR] LogOutputStream:74 - [STDERR_REDIRECT] 	at com.st.stm32cube.ide.mcu.debug.swv.core.SWVClient.TRACE(SWVClient.java:759)
2021-11-18 10:03:24,168 [ERROR] LogOutputStream:74 - [STDERR_REDIRECT] 	at com.st.stm32cube.ide.mcu.debug.swv.core.SWVClient.createProtocolPacket(SWVClient.java:468)
2021-11-18 10:03:24,171 [ERROR] LogOutputStream:74 - [STDERR_REDIRECT] 	at com.st.stm32cube.ide.mcu.debug.swv.core.SWVClient.run(SWVClient.java:366)
